{"meta": {"format": 2, "version": "7.4.4", "timestamp": "2025-06-14T14:42:57.290307", "branch_coverage": false, "show_contexts": false}, "files": {"blastdock/__init__.py": {"executed_lines": [1, 5, 7], "summary": {"covered_lines": 2, "num_statements": 2, "percent_covered": 100.0, "percent_covered_display": "100", "missing_lines": 0, "excluded_lines": 0}, "missing_lines": [], "excluded_lines": []}, "blastdock/__main__.py": {"executed_lines": [], "summary": {"covered_lines": 0, "num_statements": 1, "percent_covered": 0.0, "percent_covered_display": "0", "missing_lines": 1, "excluded_lines": 21}, "missing_lines": [2], "excluded_lines": [6, 7, 8, 11, 12, 13, 16, 18, 21, 24, 25, 26, 29, 32, 35, 38, 39, 40, 41, 42, 43]}, "blastdock/_version.py": {"executed_lines": [1, 5, 6, 9, 10, 11, 14, 15, 18, 19, 20, 22, 26, 30, 37, 42], "summary": {"covered_lines": 15, "num_statements": 26, "percent_covered": 57.69230769230769, "percent_covered_display": "58", "missing_lines": 11, "excluded_lines": 0}, "missing_lines": [24, 28, 32, 33, 34, 35, 39, 40, 44, 45, 47], "excluded_lines": []}, "blastdock/cli.py": {"executed_lines": [], "summary": {"covered_lines": 0, "num_statements": 1, "percent_covered": 0.0, "percent_covered_display": "0", "missing_lines": 1, "excluded_lines": 2}, "missing_lines": [5], "excluded_lines": [7, 8]}, "blastdock/cli/__init__.py": {"executed_lines": [1, 6, 7, 8, 9, 10, 11, 12, 13, 15], "summary": {"covered_lines": 9, "num_statements": 9, "percent_covered": 100.0, "percent_covered_display": "100", "missing_lines": 0, "excluded_lines": 0}, "missing_lines": [], "excluded_lines": []}, "blastdock/cli/config_commands.py": {"executed_lines": [1, 5, 6, 7, 8, 10, 11, 12, 13, 14, 15, 17, 21, 22, 24, 25, 28, 29, 34, 35, 36, 37, 40, 41, 72, 73, 74, 75, 76, 79, 97, 98, 99, 100, 101, 118, 119, 120, 121, 122, 145, 146, 147, 148, 149, 178, 179, 180, 181, 184, 185, 198, 199, 200, 201, 202, 203, 227, 228, 233, 234, 270, 271, 272, 273, 274, 287, 288, 289, 290, 312, 313, 314, 315, 316, 329, 330, 335, 336, 337, 338, 339, 355, 356, 357, 393, 394, 395, 396, 397, 419, 420, 421, 446, 469, 490, 514], "summary": {"covered_lines": 96, "num_statements": 342, "percent_covered": 28.07017543859649, "percent_covered_display": "28", "missing_lines": 246, "excluded_lines": 0}, "missing_lines": [31, 43, 44, 45, 47, 48, 49, 50, 51, 53, 56, 57, 59, 60, 61, 62, 63, 65, 67, 68, 69, 81, 82, 85, 88, 90, 92, 93, 94, 103, 104, 105, 107, 108, 109, 111, 113, 114, 115, 124, 125, 126, 127, 128, 129, 131, 133, 134, 135, 137, 138, 140, 141, 142, 151, 152, 154, 155, 157, 159, 160, 162, 163, 164, 166, 167, 168, 169, 170, 171, 173, 174, 175, 187, 188, 189, 191, 193, 194, 195, 205, 206, 207, 208, 210, 211, 212, 213, 214, 216, 217, 219, 220, 222, 223, 224, 230, 236, 237, 238, 240, 241, 242, 244, 245, 246, 247, 248, 249, 251, 252, 253, 255, 263, 265, 266, 267, 276, 277, 278, 280, 282, 283, 284, 292, 293, 294, 295, 297, 298, 299, 300, 302, 303, 305, 307, 308, 309, 318, 319, 320, 322, 324, 325, 326, 332, 341, 342, 343, 345, 346, 348, 350, 351, 352, 359, 360, 361, 363, 364, 365, 367, 368, 369, 370, 371, 372, 374, 375, 376, 378, 386, 388, 389, 390, 399, 400, 401, 402, 403, 405, 406, 408, 409, 410, 412, 414, 415, 416, 423, 424, 425, 427, 428, 429, 431, 432, 433, 435, 437, 439, 441, 442, 443, 448, 450, 451, 452, 453, 454, 456, 457, 458, 459, 460, 461, 462, 463, 464, 466, 471, 473, 474, 475, 476, 477, 478, 480, 481, 482, 483, 485, 487, 492, 493, 494, 495, 497, 498, 500, 501, 502, 504, 506, 508, 510], "excluded_lines": []}, "blastdock/cli/deploy.py": {"executed_lines": [1, 6, 7, 8, 9, 10, 11, 12, 14, 15, 16, 17, 18, 19, 21, 22, 23, 24, 25, 26, 27, 28, 30, 31, 34, 35, 37, 49, 139, 144, 155, 193, 215, 238, 273, 295, 327, 353, 354, 359, 360, 361, 362, 363, 364, 365, 368, 410, 411, 413, 462, 463, 464, 501, 502, 503, 504, 505, 541, 542, 543, 544, 545, 546, 577, 578, 579, 580, 608, 609, 610, 611, 612, 651], "summary": {"covered_lines": 72, "num_statements": 354, "percent_covered": 20.338983050847457, "percent_covered_display": "20", "missing_lines": 282, "excluded_lines": 0}, "missing_lines": [39, 40, 41, 42, 43, 44, 47, 59, 60, 63, 64, 67, 68, 70, 71, 74, 76, 79, 80, 89, 90, 97, 98, 106, 108, 109, 110, 120, 121, 123, 125, 132, 133, 135, 137, 141, 142, 146, 147, 149, 150, 151, 153, 164, 167, 169, 170, 171, 172, 173, 174, 175, 178, 179, 182, 189, 191, 198, 199, 202, 203, 204, 206, 208, 209, 210, 211, 213, 221, 222, 225, 226, 227, 229, 231, 232, 233, 234, 236, 240, 241, 247, 254, 255, 261, 267, 268, 279, 288, 289, 290, 291, 293, 300, 301, 302, 305, 306, 308, 309, 310, 311, 312, 313, 315, 316, 317, 318, 319, 321, 324, 325, 329, 331, 334, 335, 336, 337, 340, 341, 343, 344, 345, 346, 347, 348, 350, 356, 371, 373, 374, 375, 376, 377, 378, 380, 381, 384, 387, 396, 397, 399, 400, 401, 402, 403, 404, 405, 415, 416, 419, 420, 421, 422, 424, 425, 426, 427, 428, 430, 431, 436, 437, 438, 440, 441, 442, 444, 445, 446, 448, 449, 450, 451, 453, 454, 460, 466, 467, 469, 470, 471, 473, 474, 475, 477, 478, 479, 481, 482, 483, 485, 486, 487, 488, 489, 490, 492, 498, 499, 507, 508, 509, 510, 512, 514, 515, 517, 519, 520, 521, 523, 525, 526, 529, 530, 531, 532, 534, 536, 538, 539, 548, 550, 551, 553, 554, 555, 558, 560, 561, 563, 564, 566, 567, 570, 572, 573, 574, 575, 582, 583, 584, 586, 587, 588, 590, 591, 592, 593, 594, 596, 597, 598, 600, 601, 603, 605, 606, 614, 615, 616, 618, 619, 620, 623, 625, 626, 629, 630, 631, 632, 633, 634, 635, 636, 638, 639, 641, 644, 646, 647], "excluded_lines": []}, "blastdock/cli/diagnostics.py": {"executed_lines": [1, 5, 6, 7, 8, 9, 10, 11, 12, 13, 15, 16, 19, 22, 23, 28, 29, 30, 31, 57, 58, 59, 61, 85, 86, 87, 88, 119, 120, 121, 122, 192, 193, 242, 284, 326, 365, 383, 417], "summary": {"covered_lines": 38, "num_statements": 223, "percent_covered": 17.04035874439462, "percent_covered_display": "17", "missing_lines": 185, "excluded_lines": 0}, "missing_lines": [25, 34, 36, 38, 44, 47, 50, 53, 54, 64, 65, 67, 68, 69, 71, 73, 74, 75, 77, 78, 79, 82, 91, 92, 95, 96, 97, 98, 99, 101, 102, 103, 105, 108, 111, 112, 113, 114, 115, 116, 125, 127, 129, 135, 138, 141, 142, 144, 145, 146, 151, 152, 158, 161, 162, 163, 166, 168, 170, 171, 172, 173, 176, 177, 178, 179, 180, 182, 185, 186, 187, 188, 189, 196, 198, 201, 202, 205, 206, 207, 210, 211, 212, 213, 214, 216, 217, 218, 219, 220, 222, 223, 225, 228, 230, 236, 237, 239, 246, 247, 248, 249, 251, 253, 256, 257, 258, 259, 260, 262, 265, 267, 269, 272, 273, 274, 275, 277, 278, 279, 280, 281, 287, 288, 289, 290, 291, 292, 294, 296, 299, 302, 303, 304, 305, 306, 307, 308, 310, 313, 315, 323, 330, 331, 332, 333, 334, 335, 336, 338, 339, 340, 341, 342, 343, 345, 353, 354, 355, 356, 359, 360, 361, 362, 367, 368, 374, 375, 377, 379, 380, 386, 414, 420, 421, 423, 426, 427, 429, 431, 432, 434, 437, 439, 440], "excluded_lines": []}, "blastdock/cli/main.py": {"executed_lines": [], "summary": {"covered_lines": 0, "num_statements": 96, "percent_covered": 0.0, "percent_covered_display": "0", "missing_lines": 96, "excluded_lines": 2}, "missing_lines": [6, 7, 8, 9, 12, 14, 15, 16, 17, 18, 19, 20, 21, 22, 24, 27, 28, 29, 30, 31, 32, 35, 38, 39, 42, 43, 47, 48, 49, 50, 51, 52, 53, 54, 57, 58, 59, 60, 61, 62, 63, 65, 67, 68, 70, 71, 73, 74, 75, 78, 81, 82, 83, 84, 85, 87, 88, 89, 90, 92, 95, 98, 99, 100, 101, 103, 105, 106, 109, 112, 113, 114, 115, 117, 120, 123, 124, 125, 126, 127, 129, 130, 132, 135, 138, 139, 140, 141, 142, 143, 144, 146, 147, 149, 151, 154], "excluded_lines": [157, 158]}, "blastdock/cli/marketplace.py": {"executed_lines": [1, 6, 7, 9, 10, 11, 12, 13, 14, 16, 17, 18, 20, 21, 24, 25, 30, 31, 32, 34, 35, 36, 38, 39, 101, 102, 103, 155, 156, 157, 196, 197, 246, 247, 248, 249, 250, 290, 291, 292, 357, 358, 359, 360, 378, 379, 380, 401], "summary": {"covered_lines": 47, "num_statements": 216, "percent_covered": 21.75925925925926, "percent_covered_display": "22", "missing_lines": 169, "excluded_lines": 0}, "missing_lines": [27, 42, 43, 46, 47, 48, 51, 54, 62, 63, 64, 67, 69, 70, 71, 72, 73, 74, 75, 77, 78, 79, 81, 90, 92, 93, 95, 96, 97, 98, 105, 106, 107, 109, 110, 111, 114, 137, 138, 140, 141, 143, 144, 147, 149, 150, 151, 152, 159, 160, 161, 163, 165, 167, 174, 176, 178, 179, 180, 183, 184, 187, 188, 190, 191, 192, 193, 199, 200, 201, 203, 205, 206, 207, 208, 210, 225, 226, 232, 235, 236, 240, 241, 242, 243, 252, 253, 255, 257, 259, 260, 261, 262, 263, 265, 266, 268, 269, 270, 271, 273, 276, 277, 279, 280, 281, 282, 284, 285, 286, 287, 294, 295, 296, 297, 299, 300, 301, 302, 304, 306, 307, 308, 309, 310, 311, 312, 314, 315, 317, 326, 330, 331, 333, 336, 337, 338, 339, 340, 342, 343, 345, 346, 349, 351, 352, 353, 354, 362, 363, 365, 367, 368, 370, 372, 373, 374, 375, 382, 383, 385, 387, 389, 390, 392, 394, 395, 396, 397], "excluded_lines": []}, "blastdock/cli/monitoring.py": {"executed_lines": [1, 5, 6, 7, 8, 9, 10, 11, 13, 17, 18, 19, 21, 24, 25, 30, 31, 32, 34, 35, 142, 143, 144, 145, 147, 253, 254, 256, 257, 354, 355, 356, 357, 358, 360, 455, 456, 457, 458, 475, 476, 477, 478, 479, 480, 558, 559, 560, 561, 583, 584, 585, 586, 587, 588], "summary": {"covered_lines": 54, "num_statements": 368, "percent_covered": 14.673913043478262, "percent_covered_display": "15", "missing_lines": 314, "excluded_lines": 0}, "missing_lines": [27, 38, 40, 41, 44, 46, 47, 48, 51, 52, 53, 56, 57, 58, 59, 60, 61, 62, 63, 64, 66, 67, 69, 70, 71, 72, 74, 77, 78, 79, 81, 82, 83, 84, 85, 87, 88, 89, 90, 93, 94, 95, 96, 97, 98, 100, 102, 109, 112, 113, 114, 115, 116, 117, 119, 120, 121, 122, 124, 125, 126, 127, 129, 130, 131, 132, 134, 136, 138, 139, 150, 152, 153, 156, 158, 159, 160, 162, 163, 164, 167, 169, 170, 171, 172, 173, 174, 176, 183, 184, 185, 186, 188, 189, 190, 191, 194, 195, 196, 197, 198, 199, 200, 201, 202, 203, 205, 206, 207, 208, 210, 212, 215, 216, 217, 219, 220, 221, 222, 223, 225, 226, 227, 228, 231, 232, 233, 234, 236, 238, 245, 247, 249, 250, 260, 262, 263, 266, 267, 268, 270, 271, 274, 276, 277, 292, 293, 296, 297, 298, 299, 300, 301, 303, 306, 307, 308, 310, 312, 313, 314, 315, 316, 317, 319, 321, 322, 323, 324, 325, 327, 330, 331, 332, 333, 334, 336, 338, 340, 348, 350, 351, 363, 365, 366, 368, 369, 371, 372, 373, 376, 377, 378, 379, 380, 381, 383, 386, 387, 389, 390, 391, 392, 394, 397, 398, 399, 400, 401, 403, 409, 412, 413, 415, 416, 417, 418, 419, 420, 423, 424, 425, 426, 429, 430, 432, 433, 434, 435, 436, 438, 439, 440, 447, 449, 451, 452, 461, 463, 464, 465, 467, 469, 470, 471, 472, 483, 484, 485, 487, 488, 489, 492, 493, 494, 496, 497, 499, 500, 503, 504, 505, 507, 509, 510, 513, 514, 515, 517, 518, 519, 520, 523, 524, 525, 532, 533, 534, 541, 542, 543, 549, 552, 554, 555, 564, 566, 567, 570, 572, 573, 574, 575, 577, 579, 580, 590, 591, 592, 595, 598, 599, 600, 601, 603, 604, 605, 607, 609, 610, 612, 614, 615, 616], "excluded_lines": []}, "blastdock/cli/performance.py": {"executed_lines": [1, 5, 6, 7, 8, 9, 10, 11, 12, 14, 19, 22, 23, 28, 29, 31, 32, 111, 112, 114, 115, 165, 166, 168, 169, 238, 239, 240, 241, 308, 309, 310, 311, 312, 350, 351, 352, 353, 407, 435], "summary": {"covered_lines": 39, "num_statements": 274, "percent_covered": 14.233576642335766, "percent_covered_display": "14", "missing_lines": 235, "excluded_lines": 0}, "missing_lines": [25, 35, 38, 39, 40, 41, 42, 43, 45, 46, 47, 48, 49, 50, 52, 53, 61, 62, 65, 66, 67, 68, 69, 72, 73, 74, 76, 77, 78, 81, 82, 83, 85, 86, 87, 90, 91, 92, 95, 96, 97, 100, 101, 102, 104, 106, 107, 118, 120, 127, 128, 129, 131, 132, 133, 136, 137, 139, 140, 141, 143, 144, 145, 147, 148, 150, 151, 152, 153, 154, 156, 157, 158, 159, 160, 162, 172, 174, 176, 178, 185, 187, 189, 190, 193, 195, 196, 197, 199, 201, 204, 205, 206, 207, 208, 211, 212, 213, 214, 215, 217, 219, 220, 223, 225, 226, 227, 228, 229, 230, 231, 232, 233, 235, 244, 246, 248, 250, 252, 253, 254, 256, 262, 263, 264, 265, 266, 270, 272, 273, 274, 276, 277, 278, 279, 280, 281, 283, 284, 286, 287, 293, 295, 297, 305, 315, 317, 318, 319, 321, 322, 323, 325, 326, 328, 329, 333, 335, 337, 338, 339, 341, 342, 343, 344, 345, 347, 356, 358, 360, 361, 363, 364, 366, 369, 370, 371, 372, 375, 376, 377, 378, 381, 383, 384, 385, 386, 387, 388, 390, 392, 398, 399, 401, 402, 404, 411, 414, 415, 416, 417, 418, 419, 420, 422, 425, 426, 427, 428, 429, 430, 432, 438, 439, 440, 441, 442, 443, 445, 447, 448, 450, 453, 454, 455, 457, 459, 462, 465, 466, 467, 468, 470, 472, 480], "excluded_lines": []}, "blastdock/cli/security.py": {"executed_lines": [1, 5, 6, 7, 8, 9, 10, 11, 12, 14, 19, 22, 25, 26, 31, 32, 33, 34, 36, 103, 104, 105, 106, 130, 131, 132, 156, 157, 158, 159, 183, 184, 185, 186, 226, 227, 277, 332, 386, 426], "summary": {"covered_lines": 39, "num_statements": 271, "percent_covered": 14.391143911439114, "percent_covered_display": "14", "missing_lines": 232, "excluded_lines": 0}, "missing_lines": [28, 39, 41, 42, 43, 45, 53, 60, 61, 62, 65, 66, 67, 68, 69, 72, 73, 74, 75, 78, 79, 80, 81, 82, 84, 85, 88, 89, 91, 94, 95, 96, 97, 98, 99, 100, 109, 111, 113, 119, 120, 122, 123, 124, 127, 135, 137, 139, 145, 146, 148, 149, 150, 153, 162, 164, 166, 172, 173, 175, 176, 177, 180, 189, 191, 193, 194, 196, 197, 199, 200, 202, 203, 206, 208, 209, 210, 212, 213, 214, 215, 216, 218, 221, 222, 223, 230, 233, 234, 235, 237, 240, 241, 242, 245, 246, 247, 250, 251, 262, 263, 265, 268, 270, 271, 272, 273, 274, 281, 282, 283, 284, 285, 286, 287, 289, 290, 292, 295, 296, 297, 298, 300, 301, 302, 303, 305, 306, 309, 310, 311, 312, 313, 315, 316, 317, 318, 319, 320, 322, 323, 326, 327, 328, 329, 335, 336, 339, 340, 341, 342, 344, 346, 347, 349, 350, 351, 354, 355, 356, 357, 358, 359, 362, 363, 364, 365, 366, 373, 375, 376, 377, 378, 379, 380, 381, 382, 383, 389, 390, 391, 394, 395, 396, 397, 399, 401, 402, 405, 406, 407, 409, 410, 411, 412, 414, 417, 418, 419, 420, 421, 422, 423, 429, 430, 431, 432, 433, 436, 437, 438, 439, 440, 441, 443, 444, 445, 448, 449, 450, 452, 453, 455, 456, 457, 459, 460, 461, 462, 463, 464, 466], "excluded_lines": []}, "blastdock/cli/templates.py": {"executed_lines": [1, 5, 6, 7, 8, 9, 10, 11, 13, 16, 19, 20, 25, 26, 27, 28, 29, 30, 93, 94, 95, 96, 119, 120, 121, 122, 123, 124, 221, 222, 223, 224, 292, 305, 336, 357, 383, 429], "summary": {"covered_lines": 37, "num_statements": 233, "percent_covered": 15.879828326180258, "percent_covered_display": "16", "missing_lines": 196, "excluded_lines": 0}, "missing_lines": [22, 33, 34, 36, 38, 40, 49, 52, 53, 55, 56, 57, 59, 62, 63, 64, 65, 67, 68, 70, 73, 76, 77, 78, 79, 80, 81, 84, 85, 86, 87, 90, 99, 100, 102, 104, 106, 107, 108, 110, 112, 113, 116, 127, 128, 130, 132, 135, 136, 139, 140, 141, 142, 143, 144, 145, 146, 148, 149, 150, 152, 155, 156, 157, 158, 159, 161, 162, 163, 170, 172, 173, 174, 177, 178, 179, 182, 183, 185, 193, 195, 196, 198, 201, 202, 203, 206, 208, 209, 211, 212, 214, 216, 217, 218, 227, 228, 230, 232, 234, 235, 236, 238, 240, 241, 242, 243, 244, 245, 246, 248, 249, 250, 251, 252, 254, 255, 256, 257, 258, 259, 261, 263, 264, 266, 268, 269, 270, 272, 273, 274, 275, 276, 278, 283, 284, 289, 294, 295, 296, 297, 298, 299, 300, 301, 302, 307, 308, 309, 310, 311, 312, 313, 315, 316, 317, 324, 333, 338, 339, 340, 341, 343, 344, 345, 352, 353, 354, 359, 361, 362, 363, 380, 386, 387, 398, 399, 400, 401, 402, 403, 406, 407, 409, 410, 417, 424, 425, 426, 431, 432, 433, 435, 442, 443, 445], "excluded_lines": []}, "blastdock/config/__init__.py": {"executed_lines": [1, 4, 5, 8, 9, 11, 14, 18, 23, 30, 31, 33, 37, 41, 45, 46, 48, 52, 57, 59, 66, 70], "summary": {"covered_lines": 18, "num_statements": 35, "percent_covered": 51.42857142857143, "percent_covered_display": "51", "missing_lines": 17, "excluded_lines": 0}, "missing_lines": [12, 16, 20, 21, 25, 26, 27, 28, 35, 39, 43, 50, 54, 62, 63, 64, 68], "excluded_lines": []}, "blastdock/config/environment.py": {"executed_lines": [1, 5, 6, 7, 9, 10, 12, 15, 16, 18, 19, 20, 22, 27, 39, 65, 79, 87, 96, 111, 118, 128, 141, 173, 189, 195, 201, 221, 249, 254, 259, 288, 303, 317], "summary": {"covered_lines": 32, "num_statements": 201, "percent_covered": 15.92039800995025, "percent_covered_display": "16", "missing_lines": 169, "excluded_lines": 0}, "missing_lines": [23, 24, 25, 29, 31, 32, 33, 34, 35, 37, 41, 44, 45, 46, 47, 50, 51, 54, 55, 56, 58, 59, 60, 63, 67, 68, 71, 72, 73, 74, 77, 81, 82, 83, 84, 85, 89, 90, 91, 92, 94, 98, 100, 101, 103, 104, 105, 106, 107, 109, 113, 114, 115, 116, 120, 122, 123, 124, 126, 130, 132, 133, 134, 136, 137, 139, 143, 144, 146, 148, 149, 150, 153, 154, 157, 158, 159, 161, 162, 163, 166, 167, 168, 169, 171, 175, 177, 178, 180, 182, 183, 185, 187, 191, 192, 193, 197, 198, 199, 203, 205, 206, 207, 209, 210, 211, 212, 213, 216, 217, 219, 223, 226, 228, 229, 230, 233, 234, 235, 236, 237, 238, 240, 241, 242, 243, 244, 245, 247, 252, 256, 257, 261, 264, 265, 268, 269, 270, 271, 272, 273, 276, 277, 278, 280, 282, 283, 284, 286, 290, 293, 295, 296, 297, 298, 299, 301, 305, 306, 309, 312, 313, 315, 319, 321, 322, 323, 325, 327], "excluded_lines": []}, "blastdock/config/manager.py": {"executed_lines": [1, 5, 6, 7, 8, 9, 10, 12, 13, 17, 18, 19, 20, 21, 23, 24, 25, 26, 28, 31, 32, 34, 36, 65, 66, 73, 74, 81, 113, 135, 161, 186, 198, 227, 231, 247, 263, 289, 290, 310, 329, 341, 362, 379, 391, 395, 400, 408, 418, 428, 451, 456, 460, 464, 477, 478, 481, 498], "summary": {"covered_lines": 56, "num_statements": 279, "percent_covered": 20.07168458781362, "percent_covered_display": "20", "missing_lines": 223, "excluded_lines": 0}, "missing_lines": [14, 16, 37, 38, 39, 42, 43, 44, 45, 46, 49, 50, 51, 52, 55, 56, 57, 60, 63, 68, 69, 70, 71, 76, 77, 79, 83, 84, 86, 89, 92, 93, 94, 97, 98, 99, 102, 104, 106, 107, 109, 110, 111, 115, 117, 118, 121, 122, 123, 125, 127, 130, 131, 133, 138, 144, 145, 146, 147, 148, 149, 152, 153, 155, 156, 157, 159, 163, 166, 175, 176, 177, 180, 181, 182, 184, 188, 189, 191, 192, 193, 194, 196, 200, 201, 203, 204, 206, 207, 208, 215, 216, 219, 220, 222, 224, 225, 229, 233, 234, 236, 239, 240, 242, 244, 245, 249, 250, 251, 252, 255, 256, 258, 260, 261, 265, 266, 267, 269, 272, 273, 275, 276, 277, 279, 281, 282, 284, 286, 287, 292, 294, 296, 297, 298, 300, 301, 303, 307, 308, 312, 313, 316, 317, 320, 321, 322, 325, 327, 332, 335, 336, 338, 339, 343, 345, 347, 348, 349, 352, 354, 355, 357, 358, 360, 364, 367, 368, 369, 371, 372, 373, 375, 377, 381, 383, 384, 385, 387, 389, 393, 397, 398, 402, 403, 404, 405, 406, 410, 411, 412, 413, 414, 415, 416, 420, 421, 423, 424, 425, 426, 430, 432, 442, 443, 444, 449, 453, 454, 458, 462, 466, 467, 468, 469, 470, 472, 473, 487, 488, 493, 495, 500], "excluded_lines": []}, "blastdock/config/models.py": {"executed_lines": [1, 5, 6, 7, 8, 11, 13, 15, 18, 19, 20, 21, 22, 23, 24, 27, 28, 29, 30, 31, 32, 35, 36, 37, 38, 39, 40, 43, 44, 45, 46, 47, 48, 49, 50, 51, 52, 53, 54, 56, 57, 58, 69, 70, 71, 72, 73, 74, 75, 76, 77, 78, 80, 81, 82, 93, 94, 104, 105, 106, 107, 108, 109, 110, 111, 112, 113, 115, 116, 117, 126, 127, 135, 136, 137, 138, 139, 140, 141, 142, 143, 144, 145, 147, 148, 157, 158, 165, 166, 167, 168, 169, 170, 171, 172, 173, 175, 176, 184, 185, 197, 198, 199, 200, 201, 202, 203, 204, 205, 207, 208, 209, 218, 219, 220, 221, 222, 223, 224, 225, 226, 228, 229, 238, 239, 240, 241, 242, 243, 244, 245, 247, 248, 261, 262, 263, 264, 265, 266, 267, 268, 269, 271, 272, 281, 282, 283, 286, 287, 288, 289, 290, 291, 292, 293, 294, 297, 298, 299, 300, 301, 304, 305, 306, 308, 309, 310, 320, 321, 333, 348, 367], "summary": {"covered_lines": 158, "num_statements": 233, "percent_covered": 67.81115879828326, "percent_covered_display": "68", "missing_lines": 75, "excluded_lines": 0}, "missing_lines": [96, 97, 98, 99, 100, 101, 129, 130, 131, 132, 160, 161, 162, 187, 188, 189, 190, 191, 192, 193, 194, 250, 251, 252, 253, 254, 255, 256, 257, 258, 323, 326, 327, 328, 329, 331, 335, 336, 337, 338, 339, 340, 341, 343, 344, 345, 346, 350, 351, 354, 355, 356, 358, 361, 362, 363, 365, 369, 371, 372, 373, 374, 375, 376, 377, 378, 379, 380, 381, 382, 383, 384, 385, 387, 388], "excluded_lines": []}, "blastdock/config/persistence.py": {"executed_lines": [1, 5, 6, 7, 8, 9, 10, 11, 12, 13, 15, 16, 17, 18, 20, 23, 24, 25, 26, 27, 28, 29, 30, 31, 32, 35, 36, 38, 40, 44, 51, 76, 101, 110, 124, 133, 141, 156, 170, 185, 186, 188, 193, 209, 224, 252, 264, 274, 289, 303, 354, 397], "summary": {"covered_lines": 48, "num_statements": 257, "percent_covered": 18.67704280155642, "percent_covered_display": "19", "missing_lines": 209, "excluded_lines": 0}, "missing_lines": [41, 42, 46, 47, 48, 49, 54, 55, 57, 60, 61, 63, 64, 65, 66, 67, 68, 69, 71, 73, 74, 78, 80, 81, 84, 85, 87, 88, 90, 91, 92, 93, 94, 95, 96, 98, 99, 103, 104, 105, 106, 107, 108, 112, 113, 114, 115, 116, 117, 118, 119, 120, 121, 122, 126, 127, 128, 130, 131, 135, 136, 137, 138, 139, 144, 146, 147, 154, 158, 161, 162, 163, 165, 166, 168, 172, 174, 175, 176, 179, 180, 181, 182, 189, 190, 191, 196, 197, 199, 200, 201, 203, 204, 206, 207, 212, 221, 222, 227, 228, 230, 232, 234, 235, 238, 244, 245, 248, 249, 250, 254, 256, 257, 259, 260, 262, 266, 268, 269, 272, 276, 277, 279, 280, 281, 283, 284, 285, 287, 291, 293, 294, 295, 296, 297, 298, 299, 301, 305, 306, 307, 310, 311, 312, 313, 314, 316, 317, 320, 321, 323, 324, 326, 327, 328, 329, 330, 331, 332, 333, 334, 337, 338, 339, 340, 341, 342, 344, 356, 357, 359, 362, 363, 364, 365, 366, 369, 371, 374, 375, 378, 379, 380, 383, 384, 385, 386, 387, 388, 389, 390, 392, 393, 395, 399, 400, 402, 403, 406, 409, 410, 413, 414, 415, 416, 418, 420, 421, 422], "excluded_lines": []}, "blastdock/config/profiles.py": {"executed_lines": [1, 5, 6, 7, 8, 9, 11, 12, 14, 15, 16, 17, 19, 22, 23, 24, 25, 26, 27, 28, 29, 30, 31, 34, 35, 37, 49, 83, 103, 122, 129, 133, 137, 181, 186, 199, 229, 263, 299, 327, 361, 393, 429, 464], "summary": {"covered_lines": 41, "num_statements": 235, "percent_covered": 17.4468085106383, "percent_covered_display": "17", "missing_lines": 194, "excluded_lines": 0}, "missing_lines": [38, 39, 40, 43, 46, 47, 51, 54, 55, 56, 57, 58, 59, 60, 61, 63, 73, 74, 75, 76, 79, 80, 81, 85, 86, 87, 90, 92, 100, 101, 105, 106, 108, 109, 112, 113, 124, 125, 127, 131, 135, 140, 141, 143, 144, 146, 148, 149, 151, 154, 163, 164, 165, 166, 168, 171, 174, 176, 178, 179, 184, 188, 189, 190, 191, 192, 193, 195, 197, 201, 202, 204, 205, 207, 208, 210, 212, 213, 215, 216, 218, 219, 222, 224, 226, 227, 232, 233, 235, 236, 238, 240, 243, 252, 253, 256, 258, 260, 261, 265, 266, 268, 269, 271, 272, 274, 276, 279, 280, 281, 282, 285, 286, 289, 292, 294, 296, 297, 302, 303, 305, 306, 308, 309, 312, 317, 320, 322, 324, 325, 330, 331, 333, 335, 338, 341, 350, 351, 354, 356, 358, 359, 363, 364, 366, 367, 370, 373, 374, 377, 378, 379, 380, 383, 384, 385, 386, 388, 390, 391, 395, 396, 398, 399, 400, 402, 412, 413, 414, 415, 416, 418, 420, 421, 422, 424, 426, 427, 431, 433, 436, 437, 438, 439, 442, 443, 444, 446, 448, 466, 467, 468, 469, 470], "excluded_lines": []}, "blastdock/config/schema.py": {"executed_lines": [1, 5, 6, 7, 8, 9, 11, 13, 14, 15, 17, 20, 21, 23, 33, 61, 75, 94, 110, 115, 124, 138, 159, 167, 193, 202, 213, 231, 232, 234, 241, 252, 270, 310, 337, 345, 357, 365, 373, 381, 397, 425, 429, 433], "summary": {"covered_lines": 41, "num_statements": 264, "percent_covered": 15.530303030303031, "percent_covered_display": "16", "missing_lines": 223, "excluded_lines": 0}, "missing_lines": [24, 25, 28, 31, 35, 37, 38, 41, 46, 53, 54, 56, 58, 59, 63, 65, 66, 67, 70, 72, 73, 77, 78, 80, 81, 82, 83, 84, 86, 87, 89, 90, 92, 97, 98, 99, 101, 102, 103, 105, 106, 107, 108, 112, 113, 117, 118, 119, 121, 122, 126, 127, 128, 130, 140, 142, 143, 154, 155, 157, 161, 162, 163, 165, 169, 170, 172, 173, 174, 176, 177, 178, 179, 180, 181, 182, 183, 184, 185, 186, 187, 188, 189, 191, 195, 197, 198, 200, 204, 205, 206, 208, 209, 211, 215, 216, 217, 220, 223, 225, 227, 228, 235, 238, 239, 243, 254, 257, 258, 261, 262, 265, 266, 268, 272, 275, 276, 277, 278, 281, 282, 284, 285, 286, 288, 289, 290, 293, 294, 296, 297, 298, 301, 302, 304, 305, 306, 308, 312, 315, 316, 317, 318, 319, 322, 323, 324, 325, 326, 329, 330, 331, 332, 333, 335, 339, 340, 341, 342, 343, 347, 348, 350, 351, 353, 354, 355, 359, 360, 362, 363, 367, 368, 370, 371, 375, 376, 377, 378, 379, 383, 384, 387, 388, 390, 391, 392, 393, 395, 399, 402, 403, 406, 407, 409, 410, 411, 412, 414, 415, 416, 418, 419, 420, 421, 423, 427, 431, 435, 438, 439, 441, 442, 445, 446, 447, 449, 450, 451, 453, 454, 455, 457], "excluded_lines": []}, "blastdock/config/simple_models.py": {"executed_lines": [1, 5, 6, 9, 10, 11, 12, 13, 14, 15, 16, 17, 18, 19, 20, 23, 24, 25, 26, 27, 28, 29, 32, 33, 34, 35, 36, 37, 38, 39, 42, 43, 44, 45, 46, 49, 50, 51, 52, 55, 56, 57, 58, 59, 60, 61, 64, 65, 66, 67, 69], "summary": {"covered_lines": 44, "num_statements": 53, "percent_covered": 83.01886792452831, "percent_covered_display": "83", "missing_lines": 9, "excluded_lines": 0}, "missing_lines": [71, 72, 73, 74, 75, 77, 78, 79, 80], "excluded_lines": []}, "blastdock/config/watchers.py": {"executed_lines": [1, 5, 6, 7, 8, 9, 10, 12, 14, 17, 18, 20, 45, 50, 56, 77, 89, 102, 132, 171, 176, 187, 204, 225, 239, 246, 251, 252, 254, 260, 292, 304, 308, 313, 330, 346, 360, 373, 377, 382, 383, 385, 390, 416, 423, 437, 443, 451], "summary": {"covered_lines": 44, "num_statements": 272, "percent_covered": 16.176470588235293, "percent_covered_display": "16", "missing_lines": 228, "excluded_lines": 0}, "missing_lines": [21, 22, 25, 26, 27, 30, 31, 32, 35, 36, 37, 40, 41, 43, 47, 48, 52, 53, 54, 58, 59, 60, 62, 64, 65, 68, 69, 70, 71, 72, 74, 75, 79, 80, 82, 84, 85, 87, 91, 92, 93, 94, 96, 98, 99, 100, 104, 105, 106, 108, 109, 110, 112, 113, 114, 116, 117, 118, 119, 121, 122, 123, 125, 126, 128, 129, 130, 134, 136, 137, 138, 139, 140, 142, 143, 144, 145, 148, 149, 150, 151, 154, 155, 156, 159, 160, 161, 162, 163, 165, 167, 168, 169, 174, 178, 180, 181, 182, 183, 184, 185, 189, 190, 191, 192, 193, 194, 195, 196, 197, 198, 200, 201, 202, 206, 209, 210, 212, 213, 214, 216, 219, 220, 221, 222, 223, 227, 241, 242, 243, 244, 248, 255, 256, 257, 258, 263, 264, 265, 267, 270, 271, 272, 275, 276, 277, 278, 279, 280, 282, 284, 287, 288, 290, 294, 295, 296, 298, 299, 300, 302, 306, 310, 311, 315, 316, 317, 319, 321, 322, 323, 324, 325, 326, 328, 332, 333, 335, 337, 338, 339, 340, 341, 342, 344, 348, 355, 356, 358, 362, 364, 365, 366, 367, 368, 369, 371, 375, 379, 386, 387, 388, 393, 403, 406, 407, 410, 411, 414, 418, 419, 420, 421, 425, 426, 428, 429, 431, 432, 434, 435, 439, 440, 441, 445, 446, 453, 454], "excluded_lines": []}, "blastdock/constants.py": {"executed_lines": [1, 5, 6, 9, 10, 13, 14, 15, 16, 17, 20, 21, 22, 23, 24, 25, 26, 29, 30, 31, 32, 33, 36, 37, 38, 39, 42, 43, 44, 47, 48, 51, 52, 55, 56, 57, 60, 70, 82, 93, 94, 95, 96, 99, 100, 101, 102, 105, 106, 107], "summary": {"covered_lines": 49, "num_statements": 49, "percent_covered": 100.0, "percent_covered_display": "100", "missing_lines": 0, "excluded_lines": 0}, "missing_lines": [], "excluded_lines": []}, "blastdock/core/__init__.py": {"executed_lines": [0], "summary": {"covered_lines": 0, "num_statements": 0, "percent_covered": 100.0, "percent_covered_display": "100", "missing_lines": 0, "excluded_lines": 0}, "missing_lines": [], "excluded_lines": []}, "blastdock/core/config.py": {"executed_lines": [1, 6, 19], "summary": {"covered_lines": 2, "num_statements": 2, "percent_covered": 100.0, "percent_covered_display": "100", "missing_lines": 0, "excluded_lines": 0}, "missing_lines": [], "excluded_lines": []}, "blastdock/core/deployment_manager.py": {"executed_lines": [1, 5, 6, 7, 8, 10, 14, 15, 16, 17, 19, 20, 28, 105, 112, 124, 137, 142, 154, 169, 187, 202, 229, 248, 262, 273, 282, 290, 307, 312], "summary": {"covered_lines": 29, "num_statements": 182, "percent_covered": 15.934065934065934, "percent_covered_display": "16", "missing_lines": 153, "excluded_lines": 0}, "missing_lines": [21, 22, 23, 24, 25, 26, 30, 32, 33, 36, 37, 38, 41, 44, 45, 48, 51, 54, 62, 63, 66, 67, 68, 69, 70, 71, 74, 75, 76, 77, 80, 81, 82, 84, 85, 88, 89, 90, 93, 100, 101, 103, 107, 108, 114, 115, 116, 117, 118, 121, 122, 126, 127, 129, 130, 132, 133, 134, 135, 139, 140, 144, 145, 146, 147, 148, 149, 150, 151, 152, 156, 157, 160, 167, 171, 172, 174, 175, 177, 180, 182, 183, 185, 189, 190, 192, 195, 197, 198, 200, 204, 205, 207, 210, 211, 213, 214, 215, 218, 219, 220, 221, 222, 225, 227, 231, 232, 234, 236, 240, 241, 243, 244, 246, 251, 252, 255, 256, 257, 260, 261, 264, 265, 267, 268, 269, 270, 271, 275, 277, 278, 279, 280, 284, 285, 286, 287, 288, 292, 294, 295, 299, 304, 305, 309, 310, 314, 315, 316, 317, 319, 320, 321], "excluded_lines": []}, "blastdock/core/domain.py": {"executed_lines": [1, 7, 8, 9, 10, 11, 12, 14, 17, 18, 28, 33, 70, 99, 117, 141, 162, 193, 216, 236, 254], "summary": {"covered_lines": 19, "num_statements": 89, "percent_covered": 21.348314606741575, "percent_covered_display": "21", "missing_lines": 70, "excluded_lines": 0}, "missing_lines": [30, 31, 45, 46, 47, 50, 52, 54, 57, 60, 67, 68, 73, 74, 75, 78, 79, 81, 82, 83, 86, 87, 88, 90, 102, 105, 106, 108, 120, 123, 126, 129, 132, 133, 136, 137, 139, 151, 153, 155, 156, 158, 159, 160, 172, 173, 178, 180, 183, 185, 205, 207, 208, 211, 212, 214, 227, 228, 231, 232, 234, 246, 249, 250, 252, 256, 257, 258, 259, 260], "excluded_lines": []}, "blastdock/core/monitor.py": {"executed_lines": [1, 5, 6, 7, 8, 10, 11, 15, 39, 105, 118, 142, 149], "summary": {"covered_lines": 12, "num_statements": 94, "percent_covered": 12.76595744680851, "percent_covered_display": "13", "missing_lines": 82, "excluded_lines": 0}, "missing_lines": [12, 13, 17, 18, 20, 21, 23, 24, 26, 27, 29, 30, 31, 32, 34, 36, 37, 41, 42, 44, 45, 46, 49, 50, 51, 52, 54, 55, 56, 59, 60, 61, 62, 63, 65, 67, 68, 69, 70, 71, 72, 73, 74, 77, 78, 79, 80, 81, 83, 85, 93, 94, 95, 96, 97, 98, 100, 102, 103, 109, 110, 111, 115, 116, 120, 121, 123, 124, 126, 127, 129, 134, 135, 137, 139, 140, 144, 145, 147, 151, 152, 154], "excluded_lines": []}, "blastdock/core/template_manager.py": {"executed_lines": [1, 5, 6, 7, 8, 9, 10, 12, 13, 18, 20, 21, 25, 34, 39, 52, 78, 104, 132, 159], "summary": {"covered_lines": 19, "num_statements": 118, "percent_covered": 16.10169491525424, "percent_covered_display": "16", "missing_lines": 99, "excluded_lines": 0}, "missing_lines": [22, 23, 27, 28, 29, 30, 31, 32, 36, 37, 41, 42, 43, 45, 46, 47, 48, 49, 50, 54, 55, 56, 58, 59, 60, 63, 64, 65, 66, 69, 70, 72, 74, 75, 76, 80, 81, 82, 84, 85, 86, 88, 91, 92, 93, 94, 96, 97, 98, 100, 101, 102, 106, 107, 108, 109, 111, 112, 113, 114, 115, 116, 117, 118, 120, 123, 124, 125, 126, 127, 129, 130, 134, 135, 137, 138, 140, 141, 144, 145, 146, 147, 148, 149, 150, 151, 152, 153, 154, 155, 157, 161, 162, 163, 164, 165, 166, 167, 168], "excluded_lines": []}, "blastdock/core/traefik.py": {"executed_lines": [1, 8, 9, 10, 11, 13, 16, 17, 27, 38, 97, 113, 122, 156, 180, 262, 275, 294, 306, 321, 337, 342, 357, 366], "summary": {"covered_lines": 22, "num_statements": 171, "percent_covered": 12.865497076023392, "percent_covered_display": "13", "missing_lines": 149, "excluded_lines": 0}, "missing_lines": [34, 35, 36, 53, 54, 55, 58, 61, 62, 64, 65, 66, 69, 72, 73, 74, 75, 78, 81, 90, 93, 95, 101, 102, 105, 106, 107, 110, 111, 115, 116, 118, 125, 128, 129, 130, 131, 134, 135, 137, 138, 139, 142, 144, 145, 148, 149, 150, 151, 152, 154, 158, 159, 162, 163, 165, 167, 170, 171, 173, 184, 185, 188, 189, 190, 191, 192, 195, 198, 205, 206, 209, 210, 218, 219, 222, 229, 230, 231, 232, 233, 234, 237, 238, 239, 240, 241, 242, 243, 248, 249, 250, 251, 254, 255, 256, 257, 260, 264, 265, 268, 269, 270, 271, 272, 273, 278, 280, 281, 282, 283, 285, 286, 288, 290, 291, 293, 296, 297, 300, 301, 302, 304, 308, 311, 316, 317, 319, 323, 325, 332, 333, 335, 340, 344, 345, 346, 349, 350, 352, 355, 359, 360, 361, 362, 364, 368, 369, 371], "excluded_lines": []}, "blastdock/docker/__init__.py": {"executed_lines": [1, 5, 6, 7, 8, 9, 10, 11, 12, 18], "summary": {"covered_lines": 9, "num_statements": 9, "percent_covered": 100.0, "percent_covered_display": "100", "missing_lines": 0, "excluded_lines": 0}, "missing_lines": [], "excluded_lines": []}, "blastdock/docker/client.py": {"executed_lines": [1, 5, 6, 7, 8, 9, 11, 12, 17, 20, 21, 23, 36, 110, 198, 212, 222, 229, 265, 307, 382, 385, 393], "summary": {"covered_lines": 21, "num_statements": 205, "percent_covered": 10.24390243902439, "percent_covered_display": "10", "missing_lines": 184, "excluded_lines": 0}, "missing_lines": [25, 26, 27, 30, 31, 32, 34, 40, 43, 44, 46, 47, 48, 57, 58, 59, 60, 62, 64, 65, 66, 67, 77, 78, 80, 81, 82, 83, 86, 91, 94, 95, 96, 97, 99, 100, 101, 103, 104, 105, 108, 112, 123, 124, 125, 126, 127, 129, 130, 131, 132, 133, 134, 135, 137, 139, 140, 143, 144, 145, 146, 147, 149, 151, 152, 155, 157, 158, 159, 160, 161, 162, 164, 165, 166, 167, 168, 169, 170, 171, 174, 175, 176, 177, 178, 179, 181, 182, 183, 184, 185, 187, 189, 190, 193, 195, 196, 200, 201, 203, 204, 206, 207, 209, 210, 214, 215, 217, 226, 227, 233, 236, 239, 240, 242, 245, 246, 249, 250, 253, 255, 256, 257, 258, 263, 267, 269, 276, 278, 279, 280, 282, 294, 295, 296, 298, 299, 301, 302, 303, 305, 309, 311, 320, 322, 323, 325, 326, 327, 328, 331, 332, 333, 335, 336, 338, 340, 341, 343, 346, 347, 348, 350, 351, 353, 355, 358, 359, 360, 362, 363, 365, 367, 370, 371, 372, 374, 375, 377, 378, 388, 389, 390, 396], "excluded_lines": []}, "blastdock/docker/compose.py": {"executed_lines": [1, 5, 6, 7, 8, 9, 10, 12, 13, 14, 16, 19, 20, 22, 37, 49, 156, 217, 280, 333, 402, 467, 499], "summary": {"covered_lines": 21, "num_statements": 266, "percent_covered": 7.894736842105263, "percent_covered_display": "8", "missing_lines": 245, "excluded_lines": 0}, "missing_lines": [24, 25, 26, 27, 30, 39, 41, 42, 43, 44, 45, 47, 51, 62, 63, 64, 65, 68, 69, 71, 72, 73, 76, 77, 78, 79, 80, 81, 82, 83, 84, 85, 87, 88, 91, 92, 93, 94, 96, 99, 100, 101, 102, 105, 106, 109, 110, 111, 112, 113, 114, 115, 116, 117, 120, 121, 124, 125, 128, 129, 132, 133, 136, 138, 143, 145, 146, 148, 149, 150, 151, 153, 154, 160, 161, 162, 164, 166, 167, 169, 170, 172, 173, 175, 183, 185, 186, 193, 194, 195, 198, 199, 202, 203, 205, 206, 207, 208, 214, 215, 221, 222, 223, 225, 227, 228, 230, 231, 233, 234, 236, 245, 247, 248, 255, 256, 257, 260, 263, 264, 266, 268, 269, 270, 271, 277, 278, 283, 284, 285, 287, 289, 290, 292, 300, 302, 303, 310, 311, 312, 314, 315, 318, 319, 321, 322, 323, 324, 330, 331, 336, 337, 338, 340, 342, 343, 345, 346, 348, 358, 360, 361, 368, 369, 370, 373, 374, 375, 377, 378, 379, 380, 382, 383, 384, 385, 387, 388, 389, 391, 392, 393, 394, 399, 400, 404, 405, 406, 408, 409, 416, 417, 420, 421, 422, 423, 424, 425, 427, 430, 431, 438, 439, 440, 441, 442, 443, 450, 451, 452, 453, 461, 463, 464, 465, 470, 471, 472, 474, 476, 477, 479, 480, 482, 483, 490, 492, 493, 502, 503, 504, 506, 508, 517, 519, 520, 527, 528, 529, 531, 532, 533, 534, 540, 541], "excluded_lines": []}, "blastdock/docker/containers.py": {"executed_lines": [1, 5, 6, 7, 8, 10, 11, 12, 14, 17, 18, 20, 25, 56, 88, 138, 177, 224, 276, 302, 353, 379, 405, 439, 502], "summary": {"covered_lines": 23, "num_statements": 254, "percent_covered": 9.05511811023622, "percent_covered_display": "9", "missing_lines": 231, "excluded_lines": 0}, "missing_lines": [22, 23, 28, 30, 31, 34, 35, 36, 38, 39, 41, 42, 43, 44, 45, 46, 47, 48, 49, 51, 53, 54, 58, 59, 63, 66, 80, 82, 83, 90, 98, 100, 102, 105, 106, 108, 109, 110, 112, 113, 114, 115, 116, 117, 119, 120, 122, 123, 125, 126, 128, 130, 131, 132, 133, 140, 148, 150, 152, 157, 158, 160, 161, 162, 164, 165, 167, 169, 170, 171, 172, 180, 187, 189, 190, 191, 192, 193, 195, 197, 198, 200, 201, 203, 205, 207, 210, 213, 215, 217, 218, 219, 226, 234, 236, 238, 243, 244, 246, 247, 248, 250, 251, 252, 253, 254, 255, 257, 258, 260, 261, 263, 264, 266, 268, 269, 270, 271, 279, 281, 282, 284, 285, 287, 288, 290, 292, 293, 294, 296, 297, 306, 316, 317, 319, 320, 322, 323, 325, 326, 328, 329, 331, 332, 334, 336, 337, 338, 339, 341, 342, 344, 346, 347, 348, 356, 364, 365, 367, 368, 370, 372, 373, 374, 382, 390, 391, 393, 394, 396, 398, 399, 400, 407, 408, 410, 411, 413, 415, 417, 420, 422, 433, 434, 447, 455, 456, 458, 459, 462, 463, 464, 467, 468, 469, 472, 473, 474, 477, 478, 481, 484, 485, 487, 489, 490, 491, 493, 495, 496, 497, 504, 511, 512, 515, 516, 517, 519, 521, 524, 525, 526, 527, 528, 529, 532, 533, 535, 537, 538, 539], "excluded_lines": []}, "blastdock/docker/errors.py": {"executed_lines": [1, 5, 8, 9, 11, 19, 20, 22, 35, 36, 38, 51, 52, 54, 69, 70, 72, 101, 102, 104, 134, 135, 137, 163, 164, 166, 182, 183, 185, 205, 266], "summary": {"covered_lines": 21, "num_statements": 123, "percent_covered": 17.073170731707318, "percent_covered_display": "17", "missing_lines": 102, "excluded_lines": 0}, "missing_lines": [13, 14, 15, 16, 23, 39, 56, 74, 75, 76, 77, 78, 79, 80, 82, 89, 90, 95, 96, 97, 98, 106, 107, 108, 109, 110, 112, 119, 120, 121, 122, 123, 124, 125, 126, 128, 129, 130, 131, 139, 140, 141, 142, 143, 145, 152, 153, 158, 159, 160, 167, 168, 169, 171, 178, 179, 187, 188, 189, 190, 191, 193, 200, 201, 202, 207, 208, 210, 211, 218, 219, 225, 226, 232, 233, 239, 240, 247, 248, 255, 256, 263, 269, 270, 273, 274, 279, 280, 282, 283, 285, 286, 293, 294, 301, 302, 308, 309, 314, 315, 323, 324], "excluded_lines": []}, "blastdock/docker/health.py": {"executed_lines": [1, 5, 6, 7, 8, 10, 11, 12, 14, 17, 18, 20, 25, 118, 233, 316, 383, 471], "summary": {"covered_lines": 16, "num_statements": 218, "percent_covered": 7.339449541284404, "percent_covered_display": "7", "missing_lines": 202, "excluded_lines": 0}, "missing_lines": [22, 23, 27, 36, 38, 39, 40, 42, 43, 45, 46, 47, 49, 50, 51, 54, 57, 58, 59, 69, 70, 72, 73, 75, 76, 77, 80, 81, 82, 85, 86, 87, 88, 89, 90, 91, 92, 93, 94, 95, 96, 99, 100, 102, 103, 106, 112, 113, 114, 116, 120, 131, 133, 137, 140, 141, 142, 145, 146, 147, 156, 157, 158, 164, 165, 167, 170, 171, 176, 177, 186, 187, 188, 189, 190, 191, 192, 194, 195, 196, 197, 198, 199, 200, 202, 203, 206, 207, 208, 215, 216, 217, 218, 221, 222, 223, 224, 225, 227, 228, 229, 231, 236, 245, 246, 247, 250, 252, 253, 255, 256, 264, 265, 266, 267, 268, 269, 270, 271, 274, 275, 276, 277, 278, 282, 283, 284, 286, 289, 290, 291, 292, 293, 294, 295, 296, 297, 299, 300, 303, 304, 310, 311, 312, 314, 318, 328, 330, 333, 337, 338, 339, 340, 341, 342, 343, 344, 347, 348, 360, 361, 362, 369, 375, 377, 378, 379, 381, 386, 395, 396, 397, 399, 400, 402, 406, 407, 416, 419, 420, 426, 427, 433, 435, 436, 437, 440, 441, 442, 444, 452, 453, 454, 456, 461, 462, 467, 469, 473, 474, 475, 476], "excluded_lines": []}, "blastdock/docker/images.py": {"executed_lines": [1, 5, 6, 7, 8, 10, 11, 12, 14, 17, 18, 20, 25, 56, 89, 158, 207, 284, 327, 354, 394, 418, 462, 504, 539], "summary": {"covered_lines": 23, "num_statements": 278, "percent_covered": 8.273381294964029, "percent_covered_display": "8", "missing_lines": 255, "excluded_lines": 0}, "missing_lines": [22, 23, 28, 30, 31, 34, 35, 36, 38, 39, 41, 42, 43, 44, 45, 46, 47, 48, 49, 51, 53, 54, 58, 59, 63, 66, 81, 83, 84, 92, 94, 103, 105, 106, 108, 109, 111, 113, 115, 116, 119, 120, 122, 123, 124, 125, 127, 129, 132, 133, 134, 138, 139, 141, 143, 144, 145, 148, 149, 150, 152, 160, 162, 170, 172, 173, 177, 178, 181, 182, 184, 185, 186, 188, 190, 192, 193, 194, 197, 198, 199, 201, 212, 213, 215, 226, 228, 229, 232, 233, 236, 237, 238, 240, 241, 243, 244, 247, 249, 251, 252, 255, 256, 258, 259, 260, 262, 265, 266, 267, 271, 272, 274, 276, 277, 278, 279, 287, 295, 296, 298, 299, 301, 302, 304, 306, 308, 311, 312, 313, 314, 315, 316, 318, 320, 321, 322, 330, 332, 339, 340, 344, 345, 347, 348, 349, 357, 359, 360, 363, 364, 365, 367, 369, 370, 372, 373, 374, 375, 376, 377, 378, 380, 381, 382, 389, 391, 392, 396, 397, 401, 402, 403, 404, 405, 406, 407, 408, 410, 412, 413, 421, 428, 429, 431, 432, 435, 436, 437, 439, 441, 444, 445, 446, 447, 448, 449, 452, 454, 456, 458, 459, 460, 464, 473, 475, 476, 477, 484, 485, 488, 489, 490, 491, 492, 494, 496, 497, 498, 499, 506, 514, 516, 517, 518, 522, 523, 526, 527, 528, 529, 530, 532, 534, 535, 536, 537, 541, 550, 552, 553, 557, 558, 559, 560, 561, 562, 564, 566, 568, 569, 571, 573, 574, 575], "excluded_lines": []}, "blastdock/docker/networks.py": {"executed_lines": [1, 5, 6, 8, 9, 10, 12, 15, 16, 18, 23, 50, 87, 156, 184, 225, 255, 295, 320, 383], "summary": {"covered_lines": 18, "num_statements": 209, "percent_covered": 8.61244019138756, "percent_covered_display": "9", "missing_lines": 191, "excluded_lines": 0}, "missing_lines": [20, 21, 25, 28, 29, 30, 32, 33, 35, 36, 37, 38, 39, 40, 41, 42, 43, 45, 47, 48, 52, 53, 57, 60, 61, 64, 79, 81, 82, 93, 101, 102, 105, 108, 109, 110, 111, 112, 113, 114, 115, 117, 118, 119, 122, 123, 125, 126, 129, 130, 131, 134, 135, 136, 139, 141, 143, 144, 145, 147, 149, 150, 151, 158, 164, 165, 167, 168, 170, 172, 174, 175, 177, 178, 179, 188, 195, 196, 199, 200, 203, 204, 207, 208, 209, 211, 213, 215, 216, 218, 219, 220, 228, 235, 236, 238, 239, 241, 243, 245, 246, 248, 249, 250, 257, 264, 265, 268, 269, 270, 272, 274, 277, 278, 280, 281, 282, 283, 284, 286, 287, 289, 291, 292, 293, 297, 298, 299, 301, 302, 303, 312, 314, 315, 323, 331, 333, 334, 336, 338, 339, 340, 343, 344, 346, 347, 348, 350, 351, 352, 354, 356, 358, 363, 364, 366, 367, 368, 369, 371, 372, 373, 377, 379, 380, 381, 385, 395, 396, 397, 399, 401, 402, 405, 406, 409, 410, 412, 413, 415, 416, 418, 419, 420, 421, 423, 424, 426, 428, 429, 430], "excluded_lines": []}, "blastdock/docker/volumes.py": {"executed_lines": [1, 5, 6, 8, 9, 10, 12, 15, 16, 18, 23, 50, 84, 137, 165, 214, 283, 294, 381, 469], "summary": {"covered_lines": 18, "num_statements": 253, "percent_covered": 7.1146245059288535, "percent_covered_display": "7", "missing_lines": 235, "excluded_lines": 0}, "missing_lines": [20, 21, 25, 28, 29, 30, 32, 33, 35, 36, 37, 38, 39, 40, 41, 42, 43, 45, 47, 48, 52, 53, 57, 60, 61, 64, 76, 78, 79, 88, 96, 97, 100, 103, 104, 105, 108, 109, 110, 113, 115, 117, 118, 119, 122, 123, 124, 125, 126, 128, 130, 131, 132, 139, 145, 146, 148, 149, 151, 153, 155, 156, 158, 159, 160, 167, 175, 176, 179, 180, 181, 183, 185, 188, 189, 190, 191, 192, 193, 196, 197, 199, 200, 201, 202, 203, 205, 206, 208, 210, 211, 212, 216, 226, 228, 229, 232, 233, 234, 235, 238, 239, 240, 242, 244, 245, 247, 248, 249, 251, 252, 253, 260, 262, 264, 266, 267, 270, 274, 276, 278, 279, 280, 281, 285, 286, 287, 289, 290, 291, 292, 297, 306, 308, 310, 311, 314, 321, 322, 324, 326, 329, 330, 331, 332, 333, 335, 339, 340, 343, 344, 345, 346, 347, 349, 353, 354, 356, 359, 360, 361, 362, 363, 367, 368, 369, 370, 372, 374, 375, 376, 383, 390, 391, 392, 393, 396, 397, 398, 400, 401, 402, 405, 407, 408, 411, 418, 419, 421, 423, 426, 430, 431, 434, 435, 436, 437, 438, 439, 442, 444, 448, 449, 451, 455, 456, 457, 458, 460, 462, 463, 464, 471, 480, 481, 482, 484, 485, 486, 489, 491, 493, 495, 504, 505, 507, 508, 509, 510, 512, 513, 515, 517, 518, 519], "excluded_lines": []}, "blastdock/domains/__init__.py": {"executed_lines": [], "summary": {"covered_lines": 0, "num_statements": 0, "percent_covered": 100.0, "percent_covered_display": "100", "missing_lines": 0, "excluded_lines": 0}, "missing_lines": [], "excluded_lines": []}, "blastdock/domains/manager.py": {"executed_lines": [], "summary": {"covered_lines": 0, "num_statements": 18, "percent_covered": 0.0, "percent_covered_display": "0", "missing_lines": 18, "excluded_lines": 0}, "missing_lines": [3, 6, 7, 9, 11, 13, 15, 16, 18, 20, 26, 28, 30, 32, 34, 36, 38, 40], "excluded_lines": []}, "blastdock/domains/validator.py": {"executed_lines": [], "summary": {"covered_lines": 0, "num_statements": 3, "percent_covered": 0.0, "percent_covered_display": "0", "missing_lines": 3, "excluded_lines": 0}, "missing_lines": [3, 6, 8], "excluded_lines": []}, "blastdock/exceptions.py": {"executed_lines": [1, 6, 7, 9, 15, 16, 17, 20, 21, 22, 25, 26, 28, 33, 34, 36, 43, 44, 46, 52, 53, 54, 57, 58, 60, 65, 66, 68, 73, 74, 76, 82, 83, 84, 87, 88, 90, 96, 97, 99, 104, 105, 106, 109, 110, 112, 120, 121, 123, 130, 131, 132, 135, 136, 138, 144, 145, 147, 156, 157, 159, 165, 166, 168, 174, 175, 177, 182, 183, 184, 187, 188, 190, 195, 196, 198, 204, 205, 206, 209, 210, 212, 218, 219, 220, 223, 224, 226, 230, 231, 233, 237, 238, 240, 245, 246, 248, 253, 254, 255, 258, 259, 261, 270, 271, 273, 279, 280, 281, 284, 285, 287, 294, 295, 297, 303, 304, 305, 308, 309, 311, 316, 317, 319, 325, 326, 327, 330, 331, 333, 340, 341, 343, 350, 351, 352, 355, 356, 358, 364, 365, 367, 374, 375, 376, 379, 380, 382, 388, 389, 391, 397, 398, 399, 402, 403, 405, 412, 413, 414, 415, 416, 417, 421, 472], "summary": {"covered_lines": 111, "num_statements": 221, "percent_covered": 50.2262443438914, "percent_covered_display": "50", "missing_lines": 110, "excluded_lines": 0}, "missing_lines": [10, 11, 12, 29, 30, 37, 38, 39, 40, 47, 48, 49, 61, 62, 69, 70, 77, 78, 79, 91, 92, 93, 100, 101, 113, 114, 115, 116, 117, 124, 125, 126, 127, 139, 140, 141, 148, 149, 150, 151, 152, 153, 160, 161, 162, 169, 170, 171, 178, 179, 191, 192, 199, 200, 201, 213, 214, 215, 227, 234, 241, 242, 249, 250, 262, 263, 264, 265, 266, 267, 274, 275, 276, 288, 289, 290, 291, 298, 299, 300, 312, 313, 320, 321, 322, 334, 335, 336, 337, 344, 345, 346, 347, 359, 360, 361, 368, 369, 370, 371, 383, 384, 385, 392, 393, 394, 406, 407, 408, 474], "excluded_lines": []}, "blastdock/main_cli.py": {"executed_lines": [2, 7, 8, 9, 10, 11, 14, 17, 18, 19, 20, 21, 22, 25, 26, 27, 30, 31, 32, 33, 34, 35, 36, 37, 40, 43, 45, 51, 52, 53, 55, 98, 99, 100, 101, 103, 104, 105, 106, 130, 131, 132, 133, 134, 135, 136, 144, 145, 147, 153, 154, 155, 161, 162, 166, 167, 168, 169, 170, 171, 176, 177, 182, 183, 184, 185, 190, 191, 196, 197, 198, 203, 204, 205, 206, 212, 213, 217, 218, 219, 226, 227, 229, 234, 235, 236, 248, 249, 253, 254, 256, 261, 262, 268, 269, 273, 274, 276, 281, 282, 283, 288, 289, 290, 296, 297, 301, 302, 303, 304, 305, 310, 311, 312, 318, 319, 320, 321, 322, 323, 324, 325, 327, 340], "summary": {"covered_lines": 123, "num_statements": 204, "percent_covered": 60.294117647058826, "percent_covered_display": "60", "missing_lines": 81, "excluded_lines": 2}, "missing_lines": [47, 48, 61, 62, 63, 64, 65, 66, 68, 71, 78, 81, 82, 83, 84, 85, 86, 89, 90, 91, 92, 93, 94, 95, 96, 113, 116, 117, 118, 119, 122, 125, 126, 127, 138, 139, 149, 150, 151, 157, 158, 164, 174, 180, 188, 194, 201, 209, 215, 221, 222, 223, 224, 232, 238, 239, 240, 241, 243, 244, 245, 251, 259, 265, 271, 279, 286, 293, 299, 308, 315, 329, 330, 331, 332, 333, 334, 335, 336, 337, 338], "excluded_lines": [340, 341]}, "blastdock/marketplace/__init__.py": {"executed_lines": [1, 6, 7, 8, 10], "summary": {"covered_lines": 4, "num_statements": 4, "percent_covered": 100.0, "percent_covered_display": "100", "missing_lines": 0, "excluded_lines": 0}, "missing_lines": [], "excluded_lines": []}, "blastdock/marketplace/installer.py": {"executed_lines": [1, 6, 7, 8, 9, 10, 12, 13, 14, 15, 17, 20, 21, 23, 44, 161, 199, 222, 226, 232, 266, 282], "summary": {"covered_lines": 20, "num_statements": 133, "percent_covered": 15.037593984962406, "percent_covered_display": "15", "missing_lines": 113, "excluded_lines": 0}, "missing_lines": [25, 28, 29, 30, 31, 34, 35, 36, 39, 40, 42, 50, 51, 52, 58, 59, 60, 66, 68, 69, 70, 75, 77, 78, 79, 85, 88, 89, 91, 92, 99, 100, 103, 104, 105, 106, 109, 112, 113, 114, 115, 116, 117, 118, 121, 130, 133, 136, 138, 140, 150, 152, 153, 155, 156, 163, 164, 169, 171, 172, 173, 176, 177, 178, 179, 182, 183, 185, 187, 192, 193, 194, 201, 203, 204, 206, 218, 220, 224, 228, 229, 230, 234, 235, 241, 242, 245, 246, 247, 252, 253, 255, 256, 262, 264, 268, 270, 271, 272, 273, 274, 276, 278, 279, 280, 284, 286, 287, 288, 289, 291, 293, 294], "excluded_lines": []}, "blastdock/marketplace/marketplace.py": {"executed_lines": [1, 6, 7, 8, 9, 10, 11, 12, 13, 14, 16, 17, 18, 20, 23, 24, 25, 26, 27, 28, 29, 30, 31, 32, 33, 34, 35, 36, 37, 40, 41, 42, 43, 44, 45, 46, 47, 48, 49, 50, 53, 54, 55, 58, 59, 60, 63, 64, 65, 68, 69, 72, 73, 74, 75, 76, 78, 105, 106, 108, 136, 182, 186, 196, 205, 216, 231, 249, 386, 409, 430], "summary": {"covered_lines": 67, "num_statements": 162, "percent_covered": 41.358024691358025, "percent_covered_display": "41", "missing_lines": 95, "excluded_lines": 0}, "missing_lines": [80, 110, 113, 114, 115, 116, 119, 120, 123, 124, 129, 132, 134, 144, 145, 147, 149, 150, 153, 154, 157, 158, 161, 162, 165, 166, 167, 168, 171, 172, 173, 175, 178, 180, 184, 189, 190, 194, 198, 199, 200, 201, 202, 203, 208, 209, 213, 214, 218, 219, 220, 222, 223, 226, 228, 229, 236, 237, 238, 240, 241, 242, 244, 246, 247, 251, 382, 383, 384, 388, 389, 390, 391, 392, 395, 397, 398, 400, 401, 402, 404, 406, 407, 411, 413, 414, 422, 423, 425, 427, 428, 432, 433, 434, 436], "excluded_lines": []}, "blastdock/marketplace/repository.py": {"executed_lines": [1, 6, 7, 8, 9, 10, 11, 12, 13, 14, 15, 17, 19, 22, 23, 24, 25, 26, 27, 28, 29, 30, 33, 34, 36, 63, 111, 125, 162, 171, 183, 219, 227, 247, 274], "summary": {"covered_lines": 32, "num_statements": 156, "percent_covered": 20.512820512820515, "percent_covered_display": "21", "missing_lines": 124, "excluded_lines": 0}, "missing_lines": [38, 41, 42, 43, 44, 47, 48, 49, 51, 52, 55, 56, 59, 61, 68, 71, 72, 75, 76, 77, 78, 79, 82, 83, 86, 89, 92, 102, 103, 104, 105, 107, 109, 113, 114, 116, 118, 120, 121, 123, 129, 130, 131, 132, 135, 136, 138, 140, 141, 144, 145, 146, 149, 150, 152, 153, 156, 158, 160, 164, 165, 167, 168, 169, 173, 175, 176, 177, 178, 179, 181, 186, 188, 189, 190, 192, 194, 195, 197, 198, 199, 200, 203, 210, 211, 213, 214, 215, 217, 221, 222, 223, 224, 225, 229, 231, 232, 233, 234, 237, 238, 239, 240, 242, 244, 245, 249, 251, 253, 254, 255, 256, 257, 266, 267, 269, 271, 272, 276, 277, 279, 280, 281, 283], "excluded_lines": []}, "blastdock/migration/__init__.py": {"executed_lines": [], "summary": {"covered_lines": 0, "num_statements": 0, "percent_covered": 100.0, "percent_covered_display": "100", "missing_lines": 0, "excluded_lines": 0}, "missing_lines": [], "excluded_lines": []}, "blastdock/migration/traefik_migrator.py": {"executed_lines": [], "summary": {"covered_lines": 0, "num_statements": 11, "percent_covered": 0.0, "percent_covered_display": "0", "missing_lines": 11, "excluded_lines": 0}, "missing_lines": [3, 6, 7, 9, 11, 18, 21, 27, 29, 37, 39], "excluded_lines": []}, "blastdock/models/__init__.py": {"executed_lines": [1], "summary": {"covered_lines": 0, "num_statements": 0, "percent_covered": 100.0, "percent_covered_display": "100", "missing_lines": 0, "excluded_lines": 0}, "missing_lines": [], "excluded_lines": []}, "blastdock/models/domain.py": {"executed_lines": [1, 5, 6, 7, 8, 11, 12, 13, 14, 15, 16, 19, 20, 21, 22, 23, 24, 25, 26, 29, 30, 31, 32, 33, 34, 37, 38, 39, 40, 41, 42, 43, 46, 47, 50, 51, 54, 55, 58, 60, 61, 70, 71, 72, 73, 76, 77, 78, 81, 82, 83, 86, 87, 88, 91, 92, 94, 98, 102, 106, 113, 117, 125, 133, 141, 149, 162], "summary": {"covered_lines": 61, "num_statements": 121, "percent_covered": 50.413223140495866, "percent_covered_display": "50", "missing_lines": 60, "excluded_lines": 0}, "missing_lines": [63, 64, 65, 66, 67, 96, 100, 104, 108, 115, 119, 120, 121, 122, 123, 127, 128, 129, 130, 131, 135, 136, 138, 139, 143, 144, 146, 147, 151, 152, 153, 154, 155, 156, 157, 158, 159, 160, 164, 165, 166, 169, 170, 171, 172, 174, 175, 176, 177, 178, 179, 180, 181, 182, 183, 185, 186, 187, 189, 191], "excluded_lines": []}, "blastdock/models/port.py": {"executed_lines": [1, 5, 6, 7, 8, 11, 12, 13, 14, 15, 16, 17, 20, 21, 22, 23, 24, 25, 26, 27, 30, 31, 32, 33, 34, 35, 36, 39, 40, 43, 44, 47, 48, 50, 51, 58, 59, 60, 61, 62, 63, 64, 67, 68, 70, 77, 78, 79, 80, 83, 84, 87, 88, 89, 92, 93, 95, 96, 99, 100, 103, 104, 105, 108, 119, 120, 121, 122, 123, 126, 127, 130, 131, 134, 137, 138, 140, 144, 148, 152, 156, 160, 164, 168, 187, 210], "summary": {"covered_lines": 78, "num_statements": 128, "percent_covered": 60.9375, "percent_covered_display": "61", "missing_lines": 50, "excluded_lines": 0}, "missing_lines": [53, 54, 55, 72, 73, 74, 142, 146, 150, 154, 158, 162, 166, 170, 171, 174, 175, 176, 177, 179, 180, 182, 184, 185, 189, 190, 192, 193, 194, 195, 196, 202, 203, 205, 207, 208, 212, 214, 215, 216, 218, 219, 220, 221, 222, 224, 225, 227, 228, 230], "excluded_lines": []}, "blastdock/models/project.py": {"executed_lines": [1, 3, 4, 6, 7, 8, 9, 10, 11, 12, 13, 14], "summary": {"covered_lines": 10, "num_statements": 10, "percent_covered": 100.0, "percent_covered_display": "100", "missing_lines": 0, "excluded_lines": 0}, "missing_lines": [], "excluded_lines": []}, "blastdock/models/template.py": {"executed_lines": [], "summary": {"covered_lines": 0, "num_statements": 146, "percent_covered": 0.0, "percent_covered_display": "0", "missing_lines": 146, "excluded_lines": 0}, "missing_lines": [5, 6, 7, 10, 12, 13, 14, 15, 16, 17, 18, 19, 20, 21, 24, 26, 27, 28, 29, 30, 31, 32, 33, 34, 36, 37, 39, 40, 42, 43, 44, 45, 46, 47, 48, 49, 50, 51, 52, 54, 56, 57, 59, 60, 61, 62, 65, 67, 68, 69, 70, 71, 72, 73, 74, 75, 78, 80, 81, 82, 83, 84, 85, 86, 89, 92, 93, 94, 95, 96, 97, 100, 101, 102, 105, 108, 111, 114, 115, 116, 119, 121, 122, 123, 124, 127, 128, 130, 132, 134, 136, 138, 139, 141, 142, 144, 146, 148, 150, 151, 152, 153, 155, 156, 157, 158, 159, 160, 161, 163, 165, 167, 169, 170, 172, 175, 176, 177, 178, 179, 180, 181, 182, 183, 184, 185, 186, 187, 188, 189, 190, 191, 192, 193, 194, 195, 196, 199, 200, 201, 202, 203, 206, 207, 208, 210], "excluded_lines": []}, "blastdock/models/traefik.py": {"executed_lines": [], "summary": {"covered_lines": 0, "num_statements": 119, "percent_covered": 0.0, "percent_covered_display": "0", "missing_lines": 119, "excluded_lines": 0}, "missing_lines": [5, 6, 7, 8, 11, 13, 14, 15, 16, 17, 20, 22, 23, 24, 25, 26, 27, 30, 32, 33, 34, 35, 36, 37, 38, 41, 42, 43, 46, 47, 48, 50, 52, 53, 55, 56, 58, 60, 61, 63, 65, 66, 69, 71, 72, 73, 76, 78, 79, 80, 81, 82, 85, 87, 88, 89, 90, 91, 92, 93, 96, 99, 100, 101, 104, 105, 106, 109, 110, 111, 112, 115, 118, 121, 122, 123, 126, 127, 129, 131, 132, 133, 134, 136, 138, 140, 142, 145, 147, 148, 151, 152, 153, 156, 157, 158, 161, 162, 163, 164, 167, 168, 170, 172, 174, 176, 178, 180, 181, 184, 186, 187, 188, 190, 192, 194, 195, 196, 197], "excluded_lines": []}, "blastdock/monitoring/__init__.py": {"executed_lines": [1, 5, 6, 7, 8, 9, 11], "summary": {"covered_lines": 6, "num_statements": 6, "percent_covered": 100.0, "percent_covered_display": "100", "missing_lines": 0, "excluded_lines": 0}, "missing_lines": [], "excluded_lines": []}, "blastdock/monitoring/alert_manager.py": {"executed_lines": [1, 5, 6, 7, 8, 9, 10, 11, 12, 15, 16, 17, 20, 21, 23, 25, 28, 29, 30, 31, 34, 35, 36, 37, 40, 41, 42, 43, 44, 45, 46, 47, 48, 49, 50, 51, 52, 55, 56, 57, 58, 59, 60, 61, 62, 63, 64, 65, 66, 67, 70, 71, 72, 73, 74, 75, 76, 77, 80, 81, 83, 118, 204, 211, 226, 231, 240, 249, 254, 262, 277, 318, 343, 361, 398, 421, 434, 450, 464, 475, 485, 535, 581, 609, 638, 670, 703, 709, 714, 729, 745, 757, 774, 786, 812, 815], "summary": {"covered_lines": 91, "num_statements": 392, "percent_covered": 23.214285714285715, "percent_covered_display": "23", "missing_lines": 301, "excluded_lines": 0}, "missing_lines": [18, 19, 85, 88, 89, 90, 91, 94, 97, 98, 99, 102, 105, 114, 116, 120, 201, 202, 206, 207, 209, 213, 214, 215, 218, 219, 221, 222, 224, 228, 229, 233, 234, 235, 236, 237, 238, 242, 243, 244, 245, 246, 247, 251, 252, 256, 257, 258, 259, 260, 264, 266, 267, 268, 269, 271, 272, 273, 274, 275, 280, 282, 284, 287, 289, 290, 296, 298, 299, 300, 301, 302, 305, 307, 308, 311, 312, 314, 315, 316, 321, 325, 326, 329, 330, 333, 334, 337, 338, 339, 341, 345, 346, 347, 348, 349, 350, 351, 352, 353, 354, 355, 356, 358, 359, 363, 366, 367, 368, 369, 372, 383, 384, 386, 387, 390, 391, 394, 396, 400, 402, 403, 405, 406, 407, 410, 411, 414, 416, 419, 423, 426, 429, 430, 432, 436, 437, 438, 440, 441, 443, 444, 445, 446, 447, 448, 452, 453, 454, 456, 457, 459, 460, 461, 462, 466, 467, 468, 469, 470, 471, 473, 478, 479, 480, 481, 482, 483, 487, 488, 490, 492, 493, 494, 495, 496, 497, 499, 500, 503, 504, 505, 506, 509, 527, 530, 531, 532, 533, 537, 538, 540, 542, 543, 544, 545, 546, 547, 549, 550, 553, 554, 555, 556, 559, 560, 573, 576, 577, 578, 579, 583, 585, 586, 588, 589, 591, 603, 604, 606, 607, 611, 613, 614, 616, 617, 619, 632, 633, 635, 636, 640, 641, 643, 644, 647, 658, 667, 668, 672, 673, 675, 676, 679, 691, 700, 701, 705, 706, 711, 712, 716, 718, 719, 720, 721, 722, 724, 725, 727, 731, 733, 734, 735, 736, 737, 738, 740, 741, 743, 747, 748, 759, 760, 762, 763, 765, 770, 772, 776, 777, 779, 781, 782, 784, 788, 789, 792, 795, 796, 797, 798, 801, 802, 804, 806, 807, 808, 818, 819, 820], "excluded_lines": []}, "blastdock/monitoring/dashboard.py": {"executed_lines": [1, 5, 6, 7, 8, 9, 10, 11, 12, 13, 15, 16, 17, 18, 20, 23, 24, 26, 34, 102, 128, 176, 204, 246, 293, 315, 343, 357, 405, 408], "summary": {"covered_lines": 28, "num_statements": 220, "percent_covered": 12.727272727272727, "percent_covered_display": "13", "missing_lines": 192, "excluded_lines": 0}, "missing_lines": [28, 29, 30, 31, 32, 36, 38, 41, 44, 50, 51, 57, 62, 67, 73, 74, 77, 78, 81, 82, 85, 86, 89, 90, 93, 94, 96, 98, 99, 100, 104, 105, 108, 109, 110, 111, 112, 113, 114, 115, 116, 118, 119, 121, 122, 123, 124, 126, 130, 131, 133, 135, 136, 137, 138, 139, 142, 149, 150, 151, 152, 154, 155, 156, 159, 160, 161, 162, 163, 164, 165, 166, 168, 169, 170, 172, 174, 178, 179, 180, 182, 183, 184, 185, 186, 187, 188, 189, 190, 192, 193, 195, 196, 197, 199, 200, 202, 206, 207, 208, 210, 211, 212, 213, 214, 216, 217, 218, 221, 222, 223, 224, 225, 226, 228, 231, 232, 234, 235, 237, 244, 248, 250, 253, 256, 259, 260, 266, 272, 273, 276, 277, 280, 281, 284, 285, 287, 289, 290, 291, 295, 296, 297, 298, 300, 307, 308, 309, 310, 311, 313, 317, 320, 321, 322, 323, 324, 327, 328, 329, 330, 336, 337, 339, 341, 345, 346, 347, 349, 350, 351, 352, 353, 354, 355, 359, 360, 365, 367, 368, 369, 370, 383, 384, 385, 397, 399, 400, 401, 411, 412, 413], "excluded_lines": []}, "blastdock/monitoring/health_checker.py": {"executed_lines": [1, 5, 6, 7, 8, 9, 10, 11, 12, 13, 15, 16, 18, 21, 22, 23, 24, 25, 28, 29, 30, 31, 32, 33, 34, 35, 36, 39, 40, 41, 42, 43, 44, 45, 46, 47, 48, 49, 50, 51, 52, 55, 56, 58, 86, 93, 191, 300, 331, 433, 501, 570, 659, 670, 699, 744, 761, 773, 793, 796], "summary": {"covered_lines": 56, "num_statements": 300, "percent_covered": 18.666666666666668, "percent_covered_display": "19", "missing_lines": 244, "excluded_lines": 0}, "missing_lines": [60, 61, 64, 65, 68, 71, 72, 73, 76, 84, 89, 90, 91, 95, 97, 99, 100, 101, 108, 109, 110, 112, 113, 114, 117, 120, 121, 122, 125, 126, 128, 142, 143, 144, 147, 150, 151, 152, 155, 157, 158, 159, 161, 162, 165, 166, 167, 169, 171, 180, 181, 182, 193, 195, 196, 197, 199, 201, 202, 203, 205, 206, 215, 216, 217, 218, 219, 221, 227, 228, 229, 230, 231, 233, 234, 243, 251, 252, 254, 262, 263, 272, 273, 283, 291, 292, 303, 305, 306, 307, 308, 309, 310, 311, 312, 313, 315, 322, 323, 334, 336, 337, 340, 341, 343, 345, 346, 347, 348, 350, 351, 353, 356, 363, 366, 367, 381, 382, 383, 396, 408, 409, 416, 417, 424, 425, 436, 437, 438, 440, 442, 443, 444, 445, 446, 447, 449, 450, 458, 459, 461, 462, 464, 466, 467, 475, 484, 485, 492, 493, 504, 505, 512, 513, 516, 517, 524, 526, 527, 539, 553, 554, 561, 562, 573, 574, 577, 584, 585, 593, 594, 596, 597, 605, 606, 608, 609, 616, 618, 619, 621, 633, 634, 642, 650, 651, 661, 662, 664, 667, 668, 673, 674, 675, 678, 679, 680, 681, 684, 687, 701, 703, 704, 705, 706, 709, 710, 711, 713, 714, 725, 726, 727, 728, 729, 731, 732, 734, 746, 747, 749, 750, 752, 757, 759, 763, 764, 766, 768, 769, 771, 775, 776, 778, 780, 781, 782, 785, 787, 788, 789, 799, 800, 801], "excluded_lines": []}, "blastdock/monitoring/log_analyzer.py": {"executed_lines": [1, 5, 6, 7, 8, 9, 10, 11, 12, 14, 15, 17, 20, 21, 22, 23, 24, 25, 26, 29, 30, 31, 32, 33, 34, 35, 36, 37, 38, 39, 42, 43, 44, 45, 46, 47, 48, 49, 50, 53, 54, 55, 56, 57, 58, 59, 60, 61, 62, 63, 64, 65, 68, 69, 71, 85, 203, 292, 320, 358, 379, 397, 445, 479, 520, 592, 597, 635, 638], "summary": {"covered_lines": 64, "num_statements": 243, "percent_covered": 26.337448559670783, "percent_covered_display": "26", "missing_lines": 179, "excluded_lines": 0}, "missing_lines": [73, 74, 77, 80, 81, 83, 87, 201, 206, 209, 210, 211, 212, 214, 216, 218, 219, 220, 233, 234, 237, 238, 239, 241, 246, 247, 248, 249, 250, 253, 254, 255, 257, 258, 261, 264, 265, 268, 273, 275, 277, 278, 279, 294, 296, 297, 298, 301, 304, 306, 316, 317, 318, 323, 334, 335, 336, 337, 338, 340, 342, 343, 344, 345, 347, 348, 349, 350, 352, 353, 354, 356, 360, 363, 364, 365, 366, 367, 368, 369, 370, 371, 372, 373, 374, 377, 382, 385, 386, 387, 390, 393, 395, 400, 401, 402, 405, 406, 408, 409, 410, 411, 412, 415, 416, 417, 427, 430, 432, 448, 451, 456, 457, 458, 461, 462, 463, 464, 465, 468, 469, 471, 472, 474, 475, 477, 481, 484, 486, 487, 489, 490, 491, 492, 494, 497, 498, 499, 507, 508, 518, 522, 524, 525, 527, 529, 531, 532, 533, 534, 535, 536, 537, 538, 541, 542, 543, 544, 547, 550, 551, 554, 555, 556, 557, 558, 566, 584, 585, 586, 594, 595, 599, 600, 614, 631, 641, 642, 643], "excluded_lines": []}, "blastdock/monitoring/metrics_collector.py": {"executed_lines": [1, 5, 6, 7, 8, 9, 10, 11, 13, 14, 16, 19, 20, 21, 22, 23, 24, 27, 28, 29, 30, 31, 32, 33, 34, 37, 38, 40, 63, 104, 185, 219, 239, 254, 265, 274, 306, 332, 364, 379, 447, 462, 470, 505, 546, 563, 575, 595, 609, 612], "summary": {"covered_lines": 46, "num_statements": 289, "percent_covered": 15.916955017301039, "percent_covered_display": "16", "missing_lines": 243, "excluded_lines": 0}, "missing_lines": [42, 43, 46, 47, 50, 51, 52, 55, 56, 59, 61, 65, 97, 98, 106, 107, 108, 110, 111, 112, 114, 115, 116, 118, 125, 126, 129, 130, 131, 132, 133, 134, 137, 138, 139, 142, 143, 144, 146, 150, 151, 152, 154, 158, 159, 162, 163, 164, 166, 167, 170, 171, 172, 173, 176, 177, 178, 179, 180, 182, 183, 187, 188, 191, 193, 194, 196, 200, 201, 202, 203, 204, 205, 206, 208, 209, 210, 211, 212, 213, 214, 216, 217, 222, 223, 224, 225, 227, 228, 230, 236, 237, 242, 243, 248, 251, 252, 257, 258, 263, 267, 268, 272, 277, 278, 281, 282, 283, 285, 292, 293, 297, 298, 300, 302, 303, 304, 309, 310, 311, 313, 314, 317, 318, 319, 320, 323, 324, 325, 326, 327, 328, 330, 335, 337, 338, 348, 350, 351, 360, 361, 362, 366, 367, 369, 370, 371, 372, 374, 375, 377, 382, 383, 384, 386, 387, 395, 403, 404, 405, 407, 416, 417, 419, 420, 421, 426, 435, 437, 439, 440, 441, 449, 450, 465, 466, 468, 472, 479, 480, 481, 484, 485, 486, 487, 489, 503, 507, 509, 510, 512, 515, 516, 518, 521, 522, 523, 524, 527, 528, 529, 530, 532, 535, 536, 537, 538, 540, 542, 544, 548, 549, 551, 552, 554, 559, 561, 565, 566, 568, 570, 571, 573, 577, 578, 580, 583, 584, 585, 586, 589, 591, 592, 593, 597, 599, 600, 602, 603, 605, 615, 616, 617], "excluded_lines": []}, "blastdock/monitoring/web_dashboard.py": {"executed_lines": [1, 3, 4, 7, 8, 10, 12, 14, 15, 17, 26, 32, 45, 56, 65, 67], "summary": {"covered_lines": 14, "num_statements": 43, "percent_covered": 32.55813953488372, "percent_covered_display": "33", "missing_lines": 29, "excluded_lines": 0}, "missing_lines": [5, 6, 18, 19, 21, 22, 24, 28, 29, 30, 34, 35, 37, 38, 39, 41, 42, 43, 47, 48, 49, 51, 52, 53, 54, 58, 70, 71, 72], "excluded_lines": []}, "blastdock/performance/__init__.py": {"executed_lines": [1, 3, 4, 5, 6, 7, 8, 10], "summary": {"covered_lines": 7, "num_statements": 7, "percent_covered": 100.0, "percent_covered_display": "100", "missing_lines": 0, "excluded_lines": 0}, "missing_lines": [], "excluded_lines": []}, "blastdock/performance/async_loader.py": {"executed_lines": [], "summary": {"covered_lines": 0, "num_statements": 261, "percent_covered": 0.0, "percent_covered_display": "0", "missing_lines": 261, "excluded_lines": 0}, "missing_lines": [6, 7, 8, 9, 10, 11, 12, 13, 14, 16, 17, 18, 20, 23, 24, 26, 27, 28, 29, 30, 31, 34, 35, 37, 38, 39, 40, 41, 42, 45, 48, 50, 51, 52, 55, 56, 59, 60, 61, 62, 65, 66, 67, 70, 82, 83, 85, 87, 89, 90, 92, 93, 96, 97, 98, 99, 106, 108, 110, 111, 113, 116, 117, 120, 122, 123, 125, 127, 132, 133, 135, 138, 139, 140, 141, 143, 146, 155, 158, 161, 163, 166, 167, 170, 173, 174, 179, 182, 183, 184, 185, 187, 189, 192, 194, 196, 202, 203, 204, 206, 207, 209, 212, 214, 216, 218, 220, 221, 222, 224, 226, 229, 232, 233, 234, 235, 238, 239, 240, 243, 244, 246, 247, 249, 250, 251, 254, 255, 256, 257, 259, 260, 261, 264, 266, 267, 268, 269, 270, 272, 273, 274, 275, 277, 279, 281, 283, 285, 288, 290, 291, 299, 301, 302, 310, 312, 315, 317, 325, 326, 333, 335, 336, 337, 338, 339, 340, 341, 343, 345, 347, 348, 349, 355, 356, 357, 362, 364, 367, 374, 375, 377, 378, 379, 386, 388, 391, 392, 393, 394, 396, 398, 400, 402, 404, 405, 406, 409, 410, 411, 413, 415, 416, 418, 425, 426, 428, 430, 433, 434, 437, 444, 446, 448, 449, 451, 454, 456, 457, 458, 459, 461, 463, 465, 466, 467, 468, 469, 471, 474, 480, 482, 483, 485, 486, 488, 490, 492, 493, 494, 495, 497, 501, 503, 505, 507, 508, 509, 510, 512, 514, 520, 530, 532, 533, 537, 540, 543, 544, 545, 546], "excluded_lines": []}, "blastdock/performance/benchmarks.py": {"executed_lines": [1, 3, 4, 6, 17, 26, 28], "summary": {"covered_lines": 5, "num_statements": 10, "percent_covered": 50.0, "percent_covered_display": "50", "missing_lines": 5, "excluded_lines": 0}, "missing_lines": [8, 19, 31, 32, 33], "excluded_lines": []}, "blastdock/performance/cache.py": {"executed_lines": [], "summary": {"covered_lines": 0, "num_statements": 293, "percent_covered": 0.0, "percent_covered_display": "0", "missing_lines": 293, "excluded_lines": 0}, "missing_lines": [5, 6, 7, 8, 9, 10, 11, 12, 13, 14, 16, 17, 19, 21, 24, 25, 27, 28, 29, 30, 31, 32, 33, 34, 36, 37, 38, 39, 40, 42, 44, 45, 46, 48, 50, 51, 54, 57, 62, 65, 66, 67, 68, 71, 72, 73, 76, 77, 78, 81, 91, 93, 95, 98, 99, 100, 101, 102, 103, 104, 105, 106, 109, 112, 113, 115, 116, 117, 118, 119, 122, 123, 124, 126, 129, 130, 133, 136, 137, 140, 141, 143, 146, 147, 148, 151, 153, 155, 157, 158, 159, 162, 163, 164, 165, 166, 167, 170, 171, 172, 173, 174, 176, 177, 179, 181, 183, 184, 185, 186, 187, 189, 190, 193, 194, 196, 199, 200, 203, 204, 205, 206, 208, 210, 211, 214, 224, 226, 229, 230, 232, 234, 235, 236, 237, 239, 241, 242, 245, 248, 249, 250, 251, 253, 256, 257, 259, 261, 263, 264, 265, 267, 268, 271, 272, 273, 275, 277, 278, 280, 281, 282, 283, 284, 286, 289, 291, 292, 301, 302, 303, 305, 307, 308, 310, 312, 313, 314, 315, 316, 317, 319, 321, 324, 325, 330, 331, 334, 335, 336, 338, 339, 340, 341, 342, 343, 344, 345, 346, 349, 350, 351, 352, 353, 355, 357, 358, 359, 360, 362, 363, 364, 365, 366, 367, 370, 371, 373, 374, 375, 376, 377, 378, 379, 380, 382, 383, 385, 387, 388, 389, 392, 393, 394, 395, 396, 397, 398, 399, 400, 401, 402, 403, 404, 406, 407, 409, 421, 423, 424, 425, 426, 427, 428, 429, 430, 433, 434, 435, 436, 439, 440, 441, 442, 443, 445, 447, 448, 449, 450, 454, 457, 458, 460, 462, 463, 466, 467, 468, 469, 472, 473, 474, 477, 478, 479, 481, 482, 486, 489, 492, 493, 494], "excluded_lines": []}, "blastdock/performance/cache_manager.py": {"executed_lines": [1, 3, 4, 6, 9, 18, 23, 25], "summary": {"covered_lines": 6, "num_statements": 13, "percent_covered": 46.15384615384615, "percent_covered_display": "46", "missing_lines": 7, "excluded_lines": 0}, "missing_lines": [7, 11, 20, 21, 28, 29, 30], "excluded_lines": []}, "blastdock/performance/deployment_optimizer.py": {"executed_lines": [1, 3, 4, 6, 21, 23], "summary": {"covered_lines": 4, "num_statements": 8, "percent_covered": 50.0, "percent_covered_display": "50", "missing_lines": 4, "excluded_lines": 0}, "missing_lines": [8, 26, 27, 28], "excluded_lines": []}, "blastdock/performance/memory_optimizer.py": {"executed_lines": [1, 3, 4, 6, 17, 19], "summary": {"covered_lines": 4, "num_statements": 8, "percent_covered": 50.0, "percent_covered_display": "50", "missing_lines": 4, "excluded_lines": 0}, "missing_lines": [8, 22, 23, 24], "excluded_lines": []}, "blastdock/performance/parallel_processor.py": {"executed_lines": [1, 3, 4, 6, 15, 17], "summary": {"covered_lines": 4, "num_statements": 8, "percent_covered": 50.0, "percent_covered_display": "50", "missing_lines": 4, "excluded_lines": 0}, "missing_lines": [8, 20, 21, 22], "excluded_lines": []}, "blastdock/performance/template_cache.py": {"executed_lines": [1, 3, 4, 6, 9, 18, 22, 24], "summary": {"covered_lines": 6, "num_statements": 12, "percent_covered": 50.0, "percent_covered_display": "50", "missing_lines": 6, "excluded_lines": 0}, "missing_lines": [7, 11, 20, 27, 28, 29], "excluded_lines": []}, "blastdock/performance/template_registry.py": {"executed_lines": [1, 3, 4, 5, 6, 8, 10, 11, 13, 17, 23, 34, 48, 50], "summary": {"covered_lines": 12, "num_statements": 38, "percent_covered": 31.57894736842105, "percent_covered_display": "32", "missing_lines": 26, "excluded_lines": 0}, "missing_lines": [14, 15, 19, 20, 21, 25, 26, 27, 28, 29, 30, 31, 32, 36, 38, 39, 40, 41, 42, 43, 44, 45, 46, 53, 54, 55], "excluded_lines": []}, "blastdock/performance/traefik_enhancer.py": {"executed_lines": [1, 3, 4, 5, 7, 9, 10, 11, 12, 13, 14, 16, 17, 19, 22, 27, 29], "summary": {"covered_lines": 14, "num_statements": 19, "percent_covered": 73.6842105263158, "percent_covered_display": "74", "missing_lines": 5, "excluded_lines": 0}, "missing_lines": [20, 25, 32, 33, 34], "excluded_lines": []}, "blastdock/ports/__init__.py": {"executed_lines": [], "summary": {"covered_lines": 0, "num_statements": 2, "percent_covered": 0.0, "percent_covered_display": "0", "missing_lines": 2, "excluded_lines": 0}, "missing_lines": [6, 8], "excluded_lines": []}, "blastdock/ports/manager.py": {"executed_lines": [], "summary": {"covered_lines": 0, "num_statements": 305, "percent_covered": 0.0, "percent_covered_display": "0", "missing_lines": 305, "excluded_lines": 0}, "missing_lines": [5, 6, 7, 8, 9, 11, 12, 13, 14, 16, 19, 23, 40, 42, 43, 44, 45, 46, 48, 50, 51, 52, 53, 55, 61, 62, 63, 64, 71, 73, 75, 76, 77, 79, 80, 81, 82, 84, 87, 88, 91, 92, 93, 96, 97, 98, 101, 103, 105, 107, 108, 109, 110, 111, 112, 114, 117, 119, 120, 121, 124, 125, 127, 128, 129, 130, 132, 133, 135, 136, 137, 139, 141, 142, 143, 145, 146, 147, 150, 153, 154, 155, 156, 157, 158, 159, 161, 162, 163, 165, 166, 168, 169, 170, 172, 174, 175, 176, 178, 179, 180, 182, 183, 185, 187, 188, 189, 191, 193, 194, 196, 198, 199, 200, 201, 203, 204, 205, 207, 208, 209, 211, 212, 213, 215, 217, 218, 219, 220, 221, 222, 223, 224, 226, 227, 229, 230, 231, 233, 235, 237, 238, 241, 242, 245, 247, 249, 261, 262, 263, 265, 266, 268, 270, 272, 273, 274, 276, 277, 278, 279, 280, 282, 284, 286, 287, 288, 291, 292, 293, 296, 297, 299, 309, 311, 318, 320, 321, 322, 331, 332, 333, 339, 340, 346, 347, 348, 352, 353, 355, 357, 359, 360, 362, 363, 364, 367, 374, 376, 378, 379, 381, 382, 383, 385, 387, 388, 390, 392, 394, 395, 396, 398, 400, 401, 403, 404, 405, 407, 408, 411, 412, 413, 414, 415, 417, 418, 419, 422, 423, 425, 426, 427, 428, 430, 432, 433, 436, 437, 438, 440, 442, 443, 444, 446, 448, 449, 452, 459, 460, 461, 463, 464, 466, 468, 470, 477, 478, 479, 480, 481, 482, 486, 487, 490, 491, 498, 499, 500, 501, 502, 506, 507, 509, 511, 513, 515, 516, 518, 519, 520, 521, 522, 523, 524, 535, 536, 538, 540, 542, 543, 545, 547, 548, 549, 550, 552, 553, 555, 556, 558, 559, 561, 562, 563], "excluded_lines": []}, "blastdock/security/__init__.py": {"executed_lines": [1, 7, 8, 9, 10, 11, 13], "summary": {"covered_lines": 6, "num_statements": 6, "percent_covered": 100.0, "percent_covered_display": "100", "missing_lines": 0, "excluded_lines": 0}, "missing_lines": [], "excluded_lines": []}, "blastdock/security/config_security.py": {"executed_lines": [1, 5, 6, 7, 8, 9, 10, 12, 13, 16, 17, 18, 19, 20, 25, 28, 29, 31, 44, 75, 100, 119, 143, 160, 178, 203, 226, 231, 255, 274, 307, 333, 365, 390, 398, 431, 456, 459], "summary": {"covered_lines": 36, "num_statements": 259, "percent_covered": 13.8996138996139, "percent_covered_display": "14", "missing_lines": 223, "excluded_lines": 0}, "missing_lines": [21, 22, 33, 34, 35, 38, 46, 47, 48, 49, 51, 52, 54, 55, 61, 62, 65, 66, 67, 69, 71, 72, 73, 77, 79, 81, 82, 83, 84, 87, 88, 89, 90, 93, 94, 96, 97, 98, 102, 103, 105, 106, 108, 109, 112, 113, 115, 116, 117, 121, 122, 123, 124, 126, 128, 130, 131, 133, 134, 136, 137, 139, 140, 141, 145, 146, 147, 149, 150, 152, 153, 155, 156, 157, 158, 162, 163, 164, 166, 167, 169, 170, 172, 173, 174, 175, 176, 180, 181, 183, 185, 186, 188, 189, 191, 192, 193, 194, 195, 196, 199, 201, 205, 207, 208, 210, 211, 213, 214, 215, 216, 217, 218, 219, 222, 224, 228, 229, 234, 236, 239, 242, 243, 246, 248, 249, 251, 252, 253, 257, 258, 259, 261, 262, 265, 267, 268, 270, 271, 272, 276, 279, 280, 281, 282, 283, 284, 285, 286, 287, 289, 292, 299, 300, 301, 302, 303, 305, 309, 310, 313, 318, 319, 322, 323, 326, 327, 328, 331, 335, 336, 338, 339, 342, 343, 344, 345, 348, 356, 357, 358, 361, 363, 367, 368, 370, 372, 373, 374, 375, 378, 385, 386, 388, 392, 393, 394, 395, 396, 401, 403, 404, 405, 411, 412, 414, 415, 416, 419, 420, 424, 425, 427, 428, 429, 433, 435, 436, 437, 439, 462, 463, 464], "excluded_lines": []}, "blastdock/security/docker_security.py": {"executed_lines": [1, 5, 6, 7, 8, 9, 11, 12, 15, 18, 19, 21, 40, 194, 299, 381, 502, 521, 524], "summary": {"covered_lines": 17, "num_statements": 191, "percent_covered": 8.900523560209423, "percent_covered_display": "9", "missing_lines": 174, "excluded_lines": 0}, "missing_lines": [23, 26, 31, 36, 42, 44, 49, 50, 56, 59, 60, 63, 64, 70, 73, 74, 75, 76, 82, 85, 86, 87, 88, 89, 90, 91, 92, 94, 95, 101, 104, 105, 106, 112, 115, 116, 117, 123, 126, 127, 128, 134, 137, 138, 139, 145, 148, 149, 150, 156, 158, 175, 176, 181, 182, 187, 188, 196, 198, 203, 204, 210, 212, 213, 216, 217, 218, 219, 220, 226, 229, 230, 231, 232, 233, 235, 236, 242, 243, 244, 247, 248, 254, 257, 258, 259, 265, 268, 269, 270, 271, 272, 279, 292, 293, 301, 303, 308, 309, 314, 316, 317, 320, 322, 323, 329, 332, 333, 339, 342, 343, 344, 350, 353, 354, 355, 361, 363, 375, 376, 383, 384, 385, 386, 387, 392, 393, 398, 399, 401, 403, 404, 405, 408, 409, 416, 419, 420, 421, 428, 431, 432, 433, 434, 435, 436, 437, 444, 447, 448, 449, 450, 457, 460, 461, 462, 463, 470, 473, 474, 475, 476, 477, 480, 482, 483, 485, 486, 493, 495, 504, 527, 528, 529], "excluded_lines": []}, "blastdock/security/file_security.py": {"executed_lines": [1, 5, 6, 7, 8, 9, 10, 11, 13, 14, 17, 20, 21, 23, 43, 80, 116, 167, 201, 233, 262, 275, 333, 351, 370, 435, 441, 454, 457], "summary": {"covered_lines": 27, "num_statements": 238, "percent_covered": 11.344537815126051, "percent_covered_display": "11", "missing_lines": 211, "excluded_lines": 0}, "missing_lines": [25, 28, 29, 30, 33, 39, 40, 41, 46, 47, 49, 51, 54, 55, 58, 59, 60, 61, 63, 64, 67, 69, 70, 72, 73, 75, 77, 78, 83, 85, 86, 89, 90, 92, 93, 96, 97, 100, 101, 104, 105, 107, 109, 110, 111, 112, 113, 114, 120, 122, 123, 124, 127, 128, 129, 132, 135, 136, 137, 138, 141, 142, 143, 144, 147, 150, 152, 154, 155, 156, 157, 158, 160, 161, 163, 164, 165, 170, 172, 173, 176, 177, 178, 179, 182, 183, 184, 187, 190, 191, 193, 194, 196, 198, 199, 203, 204, 205, 208, 209, 210, 212, 214, 215, 217, 218, 219, 222, 223, 224, 225, 227, 228, 230, 231, 235, 236, 237, 240, 247, 248, 250, 253, 254, 255, 257, 259, 260, 265, 267, 268, 270, 271, 273, 277, 278, 279, 284, 285, 288, 301, 303, 304, 306, 307, 309, 310, 313, 315, 327, 328, 335, 336, 337, 339, 341, 344, 346, 348, 349, 353, 355, 356, 357, 360, 363, 365, 367, 368, 372, 373, 378, 379, 380, 381, 382, 383, 385, 387, 388, 389, 392, 395, 396, 397, 399, 400, 402, 403, 407, 411, 412, 413, 414, 419, 429, 430, 437, 438, 439, 443, 444, 445, 446, 447, 448, 449, 450, 460, 461, 462], "excluded_lines": []}, "blastdock/security/template_scanner.py": {"executed_lines": [1, 5, 6, 7, 8, 9, 11, 12, 13, 16, 19, 20, 22, 73, 96, 145, 205, 246, 293, 318, 334, 355, 418, 451, 470, 473], "summary": {"covered_lines": 24, "num_statements": 196, "percent_covered": 12.244897959183673, "percent_covered_display": "12", "missing_lines": 172, "excluded_lines": 0}, "missing_lines": [24, 25, 28, 61, 67, 75, 76, 82, 84, 85, 87, 89, 90, 98, 99, 100, 103, 104, 105, 106, 109, 110, 111, 113, 114, 115, 116, 119, 120, 121, 124, 125, 127, 128, 134, 136, 147, 148, 149, 150, 151, 157, 158, 161, 162, 163, 164, 171, 174, 175, 176, 177, 178, 181, 182, 183, 184, 187, 188, 189, 195, 197, 207, 208, 210, 211, 212, 213, 223, 224, 227, 228, 229, 230, 231, 234, 235, 236, 242, 244, 248, 249, 251, 252, 253, 256, 257, 258, 266, 267, 268, 269, 270, 272, 280, 281, 282, 283, 284, 291, 295, 298, 306, 307, 308, 309, 316, 320, 323, 324, 326, 330, 332, 337, 342, 343, 344, 347, 348, 350, 351, 353, 357, 358, 364, 365, 366, 367, 369, 370, 371, 373, 374, 375, 377, 378, 380, 381, 382, 384, 386, 387, 393, 396, 397, 398, 399, 401, 420, 422, 423, 424, 427, 428, 429, 430, 433, 435, 436, 438, 439, 442, 443, 444, 445, 446, 447, 449, 453, 476, 477, 478], "excluded_lines": []}, "blastdock/security/validator.py": {"executed_lines": [1, 5, 6, 7, 8, 9, 10, 11, 13, 14, 17, 20, 21, 23, 51, 74, 92, 120, 141, 178, 203, 233, 263, 290, 323, 352, 371, 390, 415, 435, 438], "summary": {"covered_lines": 29, "num_statements": 231, "percent_covered": 12.554112554112555, "percent_covered_display": "13", "missing_lines": 202, "excluded_lines": 0}, "missing_lines": [25, 28, 42, 43, 44, 47, 48, 49, 53, 54, 56, 57, 59, 60, 63, 69, 70, 72, 76, 77, 79, 80, 82, 83, 86, 87, 88, 90, 94, 95, 97, 98, 100, 101, 104, 105, 108, 109, 110, 112, 113, 114, 115, 116, 118, 122, 123, 124, 125, 127, 128, 131, 132, 135, 136, 137, 139, 143, 144, 147, 148, 149, 150, 153, 154, 156, 157, 160, 161, 162, 163, 164, 166, 167, 168, 169, 172, 173, 174, 176, 180, 181, 183, 184, 187, 188, 189, 192, 193, 194, 197, 199, 201, 205, 206, 209, 210, 211, 214, 219, 220, 223, 224, 227, 228, 229, 231, 235, 236, 237, 238, 241, 242, 243, 246, 251, 252, 253, 256, 257, 258, 259, 261, 266, 267, 268, 271, 284, 285, 286, 288, 292, 293, 295, 296, 297, 298, 301, 302, 303, 306, 307, 308, 311, 312, 313, 314, 315, 316, 318, 319, 321, 325, 326, 328, 330, 331, 334, 335, 336, 339, 346, 347, 348, 350, 354, 355, 358, 361, 365, 366, 367, 369, 373, 374, 375, 378, 379, 382, 383, 385, 387, 388, 392, 393, 396, 397, 399, 400, 403, 404, 405, 407, 408, 409, 410, 411, 413, 417, 441, 442, 443], "excluded_lines": []}, "blastdock/traefik/__init__.py": {"executed_lines": [], "summary": {"covered_lines": 0, "num_statements": 0, "percent_covered": 100.0, "percent_covered_display": "100", "missing_lines": 0, "excluded_lines": 0}, "missing_lines": [], "excluded_lines": []}, "blastdock/traefik/installer.py": {"executed_lines": [], "summary": {"covered_lines": 0, "num_statements": 7, "percent_covered": 0.0, "percent_covered_display": "0", "missing_lines": 7, "excluded_lines": 0}, "missing_lines": [3, 6, 7, 9, 11, 13, 16], "excluded_lines": []}, "blastdock/traefik/labels.py": {"executed_lines": [], "summary": {"covered_lines": 0, "num_statements": 165, "percent_covered": 0.0, "percent_covered_display": "0", "missing_lines": 165, "excluded_lines": 0}, "missing_lines": [5, 6, 7, 8, 10, 13, 17, 81, 124, 125, 126, 128, 134, 135, 138, 139, 140, 141, 142, 145, 146, 147, 150, 151, 154, 157, 160, 163, 164, 167, 168, 169, 171, 172, 175, 176, 177, 180, 181, 184, 185, 187, 188, 190, 191, 192, 194, 196, 198, 202, 204, 206, 207, 208, 209, 212, 213, 215, 217, 220, 229, 230, 232, 234, 235, 236, 238, 240, 242, 247, 249, 254, 255, 257, 258, 259, 261, 263, 265, 267, 271, 273, 275, 280, 282, 283, 287, 289, 295, 298, 301, 302, 303, 304, 305, 306, 307, 308, 309, 310, 311, 312, 313, 314, 315, 316, 317, 318, 319, 320, 323, 324, 325, 326, 329, 330, 331, 332, 333, 334, 335, 336, 337, 340, 342, 344, 347, 352, 353, 354, 357, 358, 359, 360, 361, 364, 365, 368, 369, 372, 373, 375, 377, 379, 380, 381, 382, 383, 385, 386, 387, 388, 389, 391, 393, 394, 395, 396, 397, 398, 399, 401, 403, 405, 407], "excluded_lines": []}, "blastdock/traefik/manager.py": {"executed_lines": [], "summary": {"covered_lines": 0, "num_statements": 205, "percent_covered": 0.0, "percent_covered_display": "0", "missing_lines": 205, "excluded_lines": 0}, "missing_lines": [5, 6, 7, 8, 9, 11, 12, 13, 14, 16, 19, 22, 23, 24, 26, 27, 28, 29, 30, 32, 34, 35, 36, 37, 38, 39, 40, 41, 42, 44, 46, 47, 48, 49, 51, 52, 53, 54, 55, 57, 59, 70, 71, 73, 74, 75, 76, 79, 82, 84, 85, 87, 89, 91, 92, 93, 94, 95, 96, 98, 100, 101, 102, 104, 105, 110, 111, 112, 113, 114, 116, 118, 119, 121, 123, 124, 127, 128, 130, 132, 133, 134, 136, 138, 139, 144, 145, 146, 148, 150, 151, 152, 153, 155, 156, 157, 158, 159, 160, 161, 163, 165, 166, 167, 168, 170, 171, 172, 173, 174, 175, 176, 178, 180, 181, 182, 183, 185, 186, 187, 189, 190, 191, 192, 193, 194, 195, 197, 199, 201, 202, 205, 206, 207, 210, 211, 212, 215, 216, 217, 218, 220, 221, 222, 223, 224, 226, 228, 230, 231, 232, 233, 234, 237, 238, 239, 245, 246, 248, 250, 252, 253, 254, 255, 256, 257, 258, 260, 262, 263, 264, 265, 266, 267, 268, 269, 270, 271, 273, 275, 277, 278, 280, 281, 282, 283, 285, 286, 287, 288, 290, 292, 295, 296, 299, 300, 303, 304, 307, 308, 309, 312, 313, 314, 316], "excluded_lines": []}, "blastdock/traefik/ssl.py": {"executed_lines": [], "summary": {"covered_lines": 0, "num_statements": 9, "percent_covered": 0.0, "percent_covered_display": "0", "missing_lines": 9, "excluded_lines": 0}, "missing_lines": [3, 6, 7, 9, 11, 13, 15, 17, 19], "excluded_lines": []}, "blastdock/utils/__init__.py": {"executed_lines": [0], "summary": {"covered_lines": 0, "num_statements": 0, "percent_covered": 100.0, "percent_covered_display": "100", "missing_lines": 0, "excluded_lines": 0}, "missing_lines": [], "excluded_lines": []}, "blastdock/utils/cli_decorators.py": {"executed_lines": [], "summary": {"covered_lines": 0, "num_statements": 191, "percent_covered": 0.0, "percent_covered_display": "0", "missing_lines": 191, "excluded_lines": 0}, "missing_lines": [5, 6, 7, 8, 10, 11, 13, 16, 18, 19, 20, 21, 22, 24, 26, 27, 28, 31, 34, 35, 36, 37, 39, 41, 42, 43, 44, 46, 47, 50, 51, 52, 53, 54, 55, 56, 57, 58, 60, 61, 63, 64, 67, 69, 70, 71, 73, 74, 76, 78, 79, 81, 82, 85, 87, 88, 89, 90, 92, 93, 94, 96, 97, 100, 102, 103, 104, 105, 108, 109, 110, 111, 115, 116, 118, 120, 121, 124, 126, 127, 128, 130, 131, 132, 133, 134, 136, 138, 139, 141, 143, 146, 149, 150, 159, 161, 162, 163, 172, 174, 175, 178, 180, 181, 182, 183, 185, 186, 187, 188, 189, 191, 192, 197, 198, 203, 204, 206, 207, 210, 212, 213, 214, 215, 217, 223, 225, 226, 227, 228, 229, 231, 232, 233, 242, 244, 245, 248, 251, 252, 253, 254, 255, 256, 258, 260, 261, 267, 268, 270, 272, 273, 274, 276, 278, 280, 282, 283, 284, 285, 286, 288, 292, 294, 296, 297, 298, 300, 302, 303, 304, 306, 312, 314, 315, 316, 317, 318, 319, 321, 322, 326, 327, 329, 330, 331, 332, 333, 334, 335, 336], "excluded_lines": []}, "blastdock/utils/docker_utils.py": {"executed_lines": [1, 5, 6, 7, 8, 9, 10, 12, 14, 17, 18, 19, 22, 23, 24, 27, 28, 29, 32, 33, 35, 41, 42, 52, 60, 64, 74, 82, 92, 102, 113, 124, 135, 144, 154, 162, 171, 179, 189], "summary": {"covered_lines": 34, "num_statements": 134, "percent_covered": 25.37313432835821, "percent_covered_display": "25", "missing_lines": 100, "excluded_lines": 0}, "missing_lines": [37, 38, 39, 44, 45, 46, 47, 48, 49, 50, 54, 55, 56, 57, 58, 62, 66, 67, 68, 69, 70, 71, 72, 76, 77, 78, 79, 80, 84, 85, 86, 87, 88, 89, 90, 94, 95, 96, 97, 98, 99, 100, 104, 105, 106, 107, 108, 109, 110, 111, 115, 116, 117, 118, 119, 120, 121, 122, 126, 127, 128, 129, 130, 131, 132, 133, 137, 138, 139, 140, 141, 142, 146, 147, 148, 149, 150, 151, 152, 156, 157, 158, 159, 160, 164, 165, 166, 167, 168, 169, 173, 174, 175, 176, 177, 181, 182, 183, 184, 185], "excluded_lines": []}, "blastdock/utils/error_diagnostics.py": {"executed_lines": [1, 5, 6, 7, 8, 9, 10, 11, 12, 13, 14, 15, 17, 18, 19, 22, 25, 26, 27, 28, 29, 30, 31, 32, 35, 36, 37, 38, 41, 42, 43, 46, 47, 48, 49, 52, 53, 54, 55, 58, 59, 60, 61, 63, 71, 72, 74, 81, 159, 165, 187, 195, 217, 239, 272, 303, 352, 378, 411, 449, 498, 508, 520, 534, 543, 555, 572, 577, 596, 600, 618, 651, 654, 662], "summary": {"covered_lines": 71, "num_statements": 294, "percent_covered": 24.14965986394558, "percent_covered_display": "24", "missing_lines": 223, "excluded_lines": 0}, "missing_lines": [65, 67, 68, 76, 77, 78, 79, 87, 90, 93, 94, 95, 98, 99, 102, 105, 106, 107, 108, 109, 112, 113, 114, 115, 118, 119, 120, 121, 124, 152, 155, 157, 161, 162, 163, 167, 168, 183, 184, 185, 189, 190, 191, 192, 193, 197, 198, 200, 202, 211, 212, 219, 220, 222, 224, 232, 233, 241, 242, 245, 248, 249, 251, 253, 254, 255, 256, 257, 259, 269, 270, 274, 275, 276, 278, 279, 280, 281, 282, 283, 285, 286, 287, 288, 289, 290, 292, 300, 301, 305, 308, 309, 310, 313, 315, 316, 324, 325, 332, 333, 341, 342, 350, 354, 356, 358, 361, 362, 363, 364, 365, 366, 367, 368, 369, 370, 371, 372, 373, 374, 376, 380, 386, 388, 389, 394, 395, 400, 401, 407, 409, 413, 415, 417, 418, 423, 424, 429, 430, 434, 435, 440, 441, 447, 451, 500, 510, 511, 513, 514, 516, 517, 518, 522, 523, 524, 525, 527, 528, 530, 531, 532, 536, 537, 538, 539, 540, 541, 545, 547, 548, 549, 550, 551, 552, 553, 557, 558, 559, 561, 562, 563, 564, 565, 566, 568, 569, 570, 574, 575, 579, 581, 582, 583, 584, 588, 589, 594, 598, 602, 603, 610, 611, 613, 615, 616, 620, 627, 628, 635, 636, 637, 640, 647, 657, 658, 659, 666, 667, 669, 671, 672, 674], "excluded_lines": []}, "blastdock/utils/error_handler.py": {"executed_lines": [1, 5, 6, 7, 8, 9, 10, 11, 12, 13, 15, 21, 22, 24, 25, 28, 29, 31, 94, 133, 179, 209, 295, 307, 328, 370, 408, 434], "summary": {"covered_lines": 26, "num_statements": 156, "percent_covered": 16.666666666666668, "percent_covered_display": "17", "missing_lines": 130, "excluded_lines": 0}, "missing_lines": [38, 39, 40, 43, 110, 113, 116, 119, 120, 123, 124, 127, 128, 129, 131, 137, 138, 146, 149, 150, 153, 154, 157, 158, 159, 161, 162, 164, 165, 168, 169, 172, 182, 183, 185, 188, 191, 192, 193, 196, 197, 198, 199, 202, 203, 204, 205, 207, 212, 215, 216, 217, 218, 221, 222, 223, 224, 230, 237, 238, 239, 240, 245, 246, 252, 259, 260, 261, 262, 269, 270, 271, 272, 273, 279, 282, 283, 284, 285, 286, 288, 297, 298, 299, 301, 302, 304, 305, 310, 320, 321, 322, 323, 326, 330, 331, 333, 336, 337, 338, 339, 340, 342, 344, 347, 348, 349, 350, 351, 352, 353, 355, 358, 360, 367, 391, 399, 405, 411, 423, 424, 425, 428, 429, 431, 437, 464, 465, 466, 468], "excluded_lines": []}, "blastdock/utils/error_recovery.py": {"executed_lines": [], "summary": {"covered_lines": 0, "num_statements": 264, "percent_covered": 0.0, "percent_covered_display": "0", "missing_lines": 264, "excluded_lines": 0}, "missing_lines": [5, 6, 7, 8, 9, 10, 11, 13, 18, 19, 22, 25, 27, 28, 29, 30, 31, 32, 33, 34, 37, 38, 40, 41, 42, 43, 44, 45, 46, 48, 49, 50, 53, 54, 56, 57, 58, 59, 60, 63, 66, 68, 69, 70, 72, 74, 75, 77, 79, 81, 82, 85, 88, 89, 90, 93, 94, 96, 97, 99, 101, 109, 124, 132, 134, 136, 137, 138, 140, 141, 142, 144, 149, 152, 153, 156, 157, 158, 160, 161, 162, 168, 171, 173, 175, 181, 183, 184, 185, 186, 187, 190, 191, 192, 193, 196, 197, 199, 200, 202, 203, 205, 206, 208, 209, 211, 212, 214, 215, 218, 220, 221, 222, 224, 226, 228, 230, 231, 233, 234, 236, 241, 242, 243, 245, 247, 249, 250, 252, 253, 255, 258, 260, 261, 262, 263, 265, 267, 269, 270, 272, 273, 274, 275, 277, 278, 280, 281, 283, 286, 288, 289, 291, 293, 294, 296, 298, 299, 301, 302, 304, 306, 308, 309, 311, 314, 316, 317, 318, 319, 321, 323, 324, 326, 328, 330, 331, 333, 336, 338, 340, 343, 345, 346, 348, 350, 351, 353, 354, 356, 358, 359, 360, 364, 366, 367, 369, 371, 373, 374, 376, 377, 378, 380, 382, 384, 385, 386, 388, 391, 393, 394, 396, 399, 400, 401, 402, 404, 405, 406, 407, 409, 410, 411, 412, 413, 414, 415, 416, 418, 420, 422, 424, 426, 435, 438, 439, 441, 443, 534, 536, 537, 539, 540, 542, 550, 552, 553, 554, 555, 557, 561, 564, 567, 568, 569, 572, 585, 587, 588, 590, 591, 592, 594], "excluded_lines": []}, "blastdock/utils/filesystem.py": {"executed_lines": [1, 5, 6, 7, 8, 9, 12, 13, 18, 19, 21, 22, 23, 24, 25, 26, 27, 29, 30, 32, 33, 34, 36, 37, 39, 40, 41, 43, 44, 46, 47, 48, 50, 51, 53, 54, 55, 57, 58, 60, 61, 62, 64, 65, 67, 68, 69, 71, 72, 76, 77, 86, 90, 92, 101, 102, 104, 115, 119, 124, 129, 134, 139, 144, 149, 154, 159], "summary": {"covered_lines": 65, "num_statements": 80, "percent_covered": 81.25, "percent_covered_display": "81", "missing_lines": 15, "excluded_lines": 0}, "missing_lines": [74, 79, 81, 84, 88, 106, 121, 126, 131, 136, 141, 146, 151, 156, 161], "excluded_lines": []}, "blastdock/utils/helpers.py": {"executed_lines": [1, 5, 6, 7, 10, 15, 20, 27, 32, 39, 43, 50, 58], "summary": {"covered_lines": 12, "num_statements": 40, "percent_covered": 30.0, "percent_covered_display": "30", "missing_lines": 28, "excluded_lines": 0}, "missing_lines": [17, 18, 23, 24, 25, 29, 30, 35, 36, 37, 41, 45, 46, 47, 48, 52, 53, 54, 55, 56, 60, 61, 62, 63, 64, 65, 66, 67], "excluded_lines": []}, "blastdock/utils/logging.py": {"executed_lines": [1, 5, 6, 7, 8, 9, 10, 11, 13, 14, 17, 18, 20, 21, 22, 23, 25, 31, 61, 100, 101, 103, 104, 105, 106, 107, 108, 109, 111, 119, 122, 123, 124, 125, 128, 129, 132, 133, 136, 139, 140, 141, 142, 146, 147, 150, 151, 152, 158, 159, 163, 164, 167, 169, 171, 173, 174, 176, 178, 179, 180, 182, 184, 217, 230, 238, 241, 243, 246, 251], "summary": {"covered_lines": 67, "num_statements": 114, "percent_covered": 58.771929824561404, "percent_covered_display": "59", "missing_lines": 47, "excluded_lines": 0}, "missing_lines": [26, 27, 29, 33, 41, 42, 49, 56, 57, 59, 63, 65, 66, 67, 70, 77, 79, 80, 81, 83, 86, 89, 91, 94, 95, 97, 120, 189, 192, 199, 202, 205, 206, 207, 209, 215, 219, 220, 223, 224, 227, 228, 232, 233, 234, 248, 255], "excluded_lines": []}, "blastdock/utils/template_validator.py": {"executed_lines": [1, 5, 6, 7, 8, 9, 10, 11, 13, 16, 17, 18, 19, 20, 21, 24, 25, 26, 27, 28, 29, 32, 33, 34, 35, 36, 37, 38, 39, 42, 43, 44, 45, 46, 47, 48, 49, 50, 52, 53, 56, 57, 60, 61, 86, 87, 89, 108, 120, 210, 231, 286, 367, 421, 469, 501, 541, 581, 609, 646, 690, 765], "summary": {"covered_lines": 56, "num_statements": 342, "percent_covered": 16.374269005847953, "percent_covered_display": "16", "missing_lines": 286, "excluded_lines": 0}, "missing_lines": [54, 58, 63, 64, 66, 67, 68, 71, 72, 75, 82, 83, 91, 93, 94, 96, 97, 102, 110, 112, 113, 114, 115, 116, 118, 122, 123, 124, 125, 127, 129, 130, 131, 133, 134, 139, 149, 152, 153, 154, 157, 158, 161, 162, 165, 166, 169, 172, 175, 177, 179, 188, 189, 194, 195, 201, 212, 214, 215, 216, 223, 229, 233, 235, 236, 237, 245, 246, 247, 248, 256, 257, 258, 259, 265, 266, 274, 275, 276, 277, 284, 288, 290, 291, 292, 298, 301, 302, 309, 310, 318, 323, 324, 325, 326, 334, 335, 336, 337, 338, 339, 345, 346, 354, 355, 356, 357, 358, 365, 369, 372, 373, 380, 381, 382, 383, 384, 390, 391, 399, 400, 407, 408, 409, 416, 417, 419, 423, 426, 427, 435, 436, 444, 445, 446, 447, 455, 456, 457, 458, 459, 460, 467, 472, 473, 475, 476, 479, 480, 482, 483, 485, 486, 487, 488, 491, 492, 494, 495, 496, 497, 499, 503, 505, 506, 512, 514, 516, 517, 525, 526, 531, 532, 539, 543, 545, 546, 548, 550, 551, 559, 560, 568, 569, 570, 571, 572, 579, 583, 585, 586, 588, 590, 591, 599, 600, 607, 611, 614, 615, 623, 624, 626, 627, 628, 636, 637, 644, 651, 653, 655, 658, 659, 660, 661, 662, 663, 664, 667, 674, 675, 680, 682, 684, 686, 687, 688, 692, 693, 694, 696, 697, 700, 701, 703, 706, 707, 727, 728, 730, 752, 753, 754, 757, 758, 760, 762, 763, 767, 768, 769, 770, 773, 780, 781, 784, 786, 806, 807, 808, 809, 810, 811, 812, 813, 816, 822, 823, 824, 825, 826, 827, 829, 832, 834, 835, 836, 837, 838, 839, 842, 843, 844, 845, 846, 848], "excluded_lines": []}, "blastdock/utils/ux.py": {"executed_lines": [], "summary": {"covered_lines": 0, "num_statements": 347, "percent_covered": 0.0, "percent_covered_display": "0", "missing_lines": 347, "excluded_lines": 0}, "missing_lines": [6, 7, 8, 9, 10, 11, 13, 14, 19, 20, 21, 22, 23, 24, 25, 26, 27, 28, 29, 31, 33, 36, 38, 39, 40, 41, 42, 43, 44, 47, 48, 50, 51, 52, 53, 54, 55, 56, 57, 58, 59, 62, 65, 67, 68, 71, 72, 75, 76, 79, 80, 82, 84, 86, 87, 88, 101, 102, 112, 113, 123, 124, 134, 145, 147, 149, 150, 154, 162, 163, 166, 168, 169, 170, 171, 173, 177, 178, 180, 181, 182, 184, 185, 187, 188, 195, 199, 202, 206, 208, 209, 210, 211, 213, 216, 217, 219, 221, 222, 225, 228, 230, 231, 232, 233, 235, 237, 238, 239, 241, 244, 246, 247, 249, 251, 252, 254, 255, 256, 257, 259, 260, 262, 264, 265, 266, 268, 271, 274, 275, 276, 277, 278, 280, 282, 284, 285, 287, 290, 293, 294, 297, 298, 301, 303, 305, 306, 307, 308, 311, 313, 316, 319, 321, 322, 323, 326, 327, 328, 329, 331, 333, 334, 335, 336, 337, 338, 340, 346, 347, 349, 351, 352, 353, 355, 356, 357, 358, 360, 361, 363, 365, 366, 367, 369, 370, 371, 372, 373, 375, 376, 378, 381, 382, 383, 385, 386, 387, 388, 390, 391, 392, 393, 394, 396, 397, 399, 402, 404, 405, 406, 407, 409, 410, 412, 415, 418, 419, 420, 423, 424, 426, 428, 431, 432, 433, 434, 435, 437, 439, 440, 442, 443, 445, 446, 447, 448, 449, 451, 452, 453, 454, 456, 458, 459, 460, 461, 462, 464, 467, 468, 469, 470, 471, 473, 476, 477, 478, 480, 481, 482, 484, 485, 486, 488, 490, 491, 492, 494, 495, 497, 498, 499, 500, 501, 502, 504, 505, 507, 509, 511, 516, 520, 523, 524, 525, 526, 529, 530, 531, 532, 533, 534, 535, 536, 538, 539, 541, 542, 545, 548, 549, 550, 551, 554, 555, 556, 560, 562, 564, 565, 568, 569, 571, 572, 573, 575, 577, 579, 580, 582, 583, 584, 586, 587, 589, 597, 600, 603, 604, 605, 609, 611, 614, 616, 619, 621, 624, 626, 629, 630, 633, 634, 637, 638, 640, 641], "excluded_lines": []}, "blastdock/utils/validators.py": {"executed_lines": [1, 5, 6, 7, 8, 9, 10, 11, 13, 14, 20, 21, 24, 36, 42, 43, 92, 93, 130, 131, 167, 168, 207, 208, 253, 254, 301, 302, 332, 333, 364, 365, 390, 391, 410, 411, 433, 434, 467, 472, 477, 482, 487, 492], "summary": {"covered_lines": 42, "num_statements": 265, "percent_covered": 15.849056603773585, "percent_covered_display": "16", "missing_lines": 223, "excluded_lines": 0}, "missing_lines": [45, 47, 48, 49, 50, 51, 52, 53, 54, 56, 58, 59, 61, 64, 65, 68, 69, 75, 76, 79, 80, 82, 83, 85, 87, 88, 89, 90, 95, 96, 97, 98, 99, 101, 104, 105, 108, 109, 112, 113, 114, 117, 118, 119, 120, 121, 123, 125, 126, 127, 128, 133, 134, 135, 136, 137, 139, 142, 143, 146, 147, 150, 152, 153, 156, 157, 158, 160, 162, 163, 164, 165, 173, 175, 176, 177, 178, 181, 182, 185, 186, 189, 190, 192, 195, 197, 198, 200, 202, 203, 204, 205, 215, 216, 217, 220, 221, 223, 224, 227, 229, 230, 232, 233, 235, 236, 238, 239, 242, 243, 244, 246, 248, 249, 250, 251, 256, 257, 258, 260, 263, 270, 271, 272, 275, 276, 282, 283, 286, 287, 288, 290, 291, 292, 294, 296, 297, 298, 299, 304, 305, 306, 308, 311, 312, 315, 316, 322, 323, 325, 327, 328, 329, 330, 336, 337, 338, 340, 343, 344, 347, 348, 349, 350, 353, 354, 355, 357, 359, 360, 361, 362, 368, 369, 370, 372, 374, 375, 377, 378, 380, 381, 383, 385, 386, 387, 388, 394, 395, 396, 398, 400, 401, 403, 405, 406, 407, 408, 414, 415, 418, 419, 422, 425, 428, 429, 431, 436, 438, 439, 440, 441, 442, 443, 444, 447, 463, 469, 474, 479, 484, 489, 494], "excluded_lines": []}}, "totals": {"covered_lines": 2637, "num_statements": 14412, "percent_covered": 18.297252289758536, "percent_covered_display": "18", "missing_lines": 11775, "excluded_lines": 27}}